#
# A fatal error has been detected by the Java Runtime Environment:
#
#  EXCEPTION_ACCESS_VIOLATION (0xc0000005) at pc=0x00007ffcd34a6ab0, pid=4456, tid=2096
#
# JRE version: Java(TM) SE Runtime Environment (21.0.3+7) (build 21.0.3+7-LTS-152)
# Java VM: Java HotSpot(TM) 64-Bit Server VM (21.0.3+7-LTS-152, mixed mode, sharing, tiered, compressed oops, compressed class ptrs, g1 gc, windows-amd64)
# Problematic frame:
# V  [jvm.dll+0x3b6ab0]
#
# No core dump will be written. Minidumps are not enabled by default on client versions of Windows
#
# If you would like to submit a bug report, please visit:
#   https://bugreport.java.com/bugreport/crash.jsp
#

---------------  S U M M A R Y ------------

Command Line: --add-opens=java.base/java.util=ALL-UNNAMED --add-opens=java.base/java.lang=ALL-UNNAMED --add-opens=java.base/java.lang.invoke=ALL-UNNAMED --add-opens=java.prefs/java.util.prefs=ALL-UNNAMED --add-exports=jdk.compiler/com.sun.tools.javac.api=ALL-UNNAMED --add-exports=jdk.compiler/com.sun.tools.javac.util=ALL-UNNAMED --add-opens=java.base/java.nio.charset=ALL-UNNAMED --add-opens=java.base/java.net=ALL-UNNAMED --add-opens=java.base/java.util.concurrent.atomic=ALL-UNNAMED -XX:MaxMetaspaceSize=384m -XX:+HeapDumpOnOutOfMemoryError -Xms256m -Xmx512m -Dfile.encoding=UTF-8 -Duser.country=US -Duser.language=en -Duser.variant -javaagent:C:\Users\Session\.gradle\wrapper\dists\gradle-8.10.2-bin\a04bxjujx95o3nb99gddekhwo\gradle-8.10.2\lib\agents\gradle-instrumentation-agent-8.10.2.jar org.gradle.launcher.daemon.bootstrap.GradleDaemon 8.10.2

Host: Intel(R) Core(TM) i5-4300M CPU @ 2.60GHz, 4 cores, 7G,  Windows 10 , 64 bit Build 19041 (10.0.19041.4957)
Time: Fri Oct 11 09:30:04 2024 Romance Summer Time elapsed time: 60.860346 seconds (0d 0h 1m 0s)

---------------  T H R E A D  ---------------

Current thread (0x000002cae8e95270):  JavaThread "C2 CompilerThread0" daemon [_thread_in_native, id=2096, stack(0x000000e068100000,0x000000e068200000) (1024K)]


Current CompileTask:
C2:  60860 4927   !   4       java.lang.ClassLoader::loadClass (121 bytes)

Stack: [0x000000e068100000,0x000000e068200000],  sp=0x000000e0681fc760,  free space=1009k
Native frames: (J=compiled Java code, j=interpreted, Vv=VM code, C=native code)
V  [jvm.dll+0x3b6ab0]
V  [jvm.dll+0x3b0108]
V  [jvm.dll+0x1df320]
V  [jvm.dll+0x245c92]
V  [jvm.dll+0x24511f]
V  [jvm.dll+0x1c689e]
V  [jvm.dll+0x254609]
V  [jvm.dll+0x252b9a]
V  [jvm.dll+0x3eb056]
V  [jvm.dll+0x7f9ffb]
V  [jvm.dll+0x6c4a9d]
C  [ucrtbase.dll+0x21bb2]
C  [KERNEL32.DLL+0x17374]
C  [ntdll.dll+0x4cc91]


siginfo: EXCEPTION_ACCESS_VIOLATION (0xc0000005), reading address 0x00007ffed3d0aea0


Registers:
RAX=0x0000000000000000, RBX=0x0000000000000026, RCX=0x0000000000000000, RDX=0x00007ffed3d0aea0
RSP=0x000000e0681fc760, RBP=0x00007ffcd3d0aea0, RSI=0x0000000000000000, RDI=0x000000e0681fc7b0
R8 =0x000002ca85227830, R9 =0x000000000000002d, R10=0x0000000000000000, R11=0x0000000000000004
R12=0x0000000000000000, R13=0x0000000000000000, R14=0x000000e0681fc8e0, R15=0x00000000000017f3
RIP=0x00007ffcd34a6ab0, EFLAGS=0x0000000000010246


Register to memory mapping:

RAX=0x0 is null
RBX=0x0000000000000026 is an unknown value
RCX=0x0 is null
RDX=0x00007ffed3d0aea0 is an unknown value
RSP=0x000000e0681fc760 is pointing into the stack for thread: 0x000002cae8e95270
RBP=0x00007ffcd3d0aea0 jvm.dll
RSI=0x0 is null
RDI=0x000000e0681fc7b0 is pointing into the stack for thread: 0x000002cae8e95270
R8 =0x000002ca85227830 points into unknown readable memory: 0x0000002d00000001 | 01 00 00 00 2d 00 00 00
R9 =0x000000000000002d is an unknown value
R10=0x0 is null
R11=0x0000000000000004 is an unknown value
R12=0x0 is null
R13=0x0 is null
R14=0x000000e0681fc8e0 is pointing into the stack for thread: 0x000002cae8e95270
R15=0x00000000000017f3 is an unknown value

Top of Stack: (sp=0x000000e0681fc760)
0x000000e0681fc760:   0000000000002ce4 00007ffcd34a6c04
0x000000e0681fc770:   000002ca86c34db0 000002cae8e75500
0x000000e0681fc780:   0000000000000000 00007ffcd34a0108
0x000000e0681fc790:   00000000000017f3 0000000000000002
0x000000e0681fc7a0:   0000000000000000 000000e0681fc8e0
0x000000e0681fc7b0:   0000000000000000 0000000400000000
0x000000e0681fc7c0:   0000002d00000000 00007ffed3d0aea0
0x000000e0681fc7d0:   000002ca85ed7c98 000002ca85227830
0x000000e0681fc7e0:   000002ca84aaa8d0 0000000000000000
0x000000e0681fc7f0:   000002ca84aaa8c0 000000e0681fcd60
0x000000e0681fc800:   0000000000000001 00007ffcd32cf320
0x000000e0681fc810:   000000e0681fcc80 000000e0681fc910
0x000000e0681fc820:   000002ca84aaaca8 000002ca84aaa8c0
0x000000e0681fc830:   000000000000b500 000000000000000e
0x000000e0681fc840:   0000000000000007 000002ca84aaa8c0
0x000000e0681fc850:   000002ca86add400 000002ca86ae5390
0x000000e0681fc860:   000002ca86ae53e8 0000000000bfd8f8
0x000000e0681fc870:   000002ca84aaa8d0 00007ffd5367fde6
0x000000e0681fc880:   0000000000000000 0000000000000000
0x000000e0681fc890:   000002cae8e75570 0000000000000000
0x000000e0681fc8a0:   0000000000009b58 00007ffcd3a92620
0x000000e0681fc8b0:   0000000000000000 000000e0681fe160
0x000000e0681fc8c0:   0000000000000000 00007ffcd3a92620
0x000000e0681fc8d0:   000002cae8e75500 00007ffcd31b4a7e
0x000000e0681fc8e0:   000000000000000c 000000e0681fe160
0x000000e0681fc8f0:   000002ca85138050 000002cae8e75501
0x000000e0681fc900:   000002ca85306050 000002ca00002ce9
0x000000e0681fc910:   000000e0681fc840 000002ca84aaa8d0
0x000000e0681fc920:   00007ffcd3a925f0 000000000000000d
0x000000e0681fc930:   000000e0681fe160 000000e0681fcc80
0x000000e0681fc940:   000002ca00002d50 000002cae8e75570
0x000000e0681fc950:   000000000000000a 000000e0681fe160 

Instructions: (pc=0x00007ffcd34a6ab0)
0x00007ffcd34a69b0:   48 8b 8e d8 08 00 00 48 85 c9 75 0c e8 2f 09 00
0x00007ffcd34a69c0:   00 48 8b 8e d8 08 00 00 48 8b 01 0f 57 c0 48 89
0x00007ffcd34a69d0:   86 d8 08 00 00 0f 11 01 0f 11 41 10 0f 10 45 00
0x00007ffcd34a69e0:   0f 11 01 0f 10 4d 10 0f 11 49 10 48 8b 43 08 49
0x00007ffcd34a69f0:   89 0c 06 48 8d 0d a6 44 86 00 ff c7 ba 70 00 00
0x00007ffcd34a6a00:   00 3b bb 90 00 00 00 0f 82 63 ff ff ff 4c 8b 74
0x00007ffcd34a6a10:   24 60 4c 8b 64 24 58 48 8b 6c 24 50 48 8b c3 48
0x00007ffcd34a6a20:   83 c4 20 41 5f 41 5d 5f 5e 5b c3 cc cc cc cc cc
0x00007ffcd34a6a30:   48 89 74 24 18 57 48 83 ec 20 8b 51 0c 48 8b f9
0x00007ffcd34a6a40:   83 fa 04 73 29 48 8b 49 18 0f 1f 80 00 00 00 00
0x00007ffcd34a6a50:   8b c2 44 8d 4a 01 48 83 3c c1 00 4c 8d 14 c1 0f
0x00007ffcd34a6a60:   85 91 00 00 00 41 8b d1 41 83 f9 04 72 e2 48 89
0x00007ffcd34a6a70:   5c 24 30 8b 5f 10 48 89 6c 24 38 3b 5f 14 73 5f
0x00007ffcd34a6a80:   48 8d 2d 19 44 86 00 66 0f 1f 84 00 00 00 00 00
0x00007ffcd34a6a90:   48 8b 47 20 8b cb 48 8b 14 c8 48 3b d5 74 39 33
0x00007ffcd34a6aa0:   c0 48 89 57 18 33 c9 66 0f 1f 84 00 00 00 00 00
0x00007ffcd34a6ab0:   48 83 3c 11 00 44 8d 48 01 75 78 48 83 c1 08 41
0x00007ffcd34a6ac0:   8b c1 41 83 f9 04 72 e8 48 8b 4f 28 48 85 c9 74
0x00007ffcd34a6ad0:   07 8b d3 e8 58 01 00 00 ff c3 3b 5f 14 72 b1 33
0x00007ffcd34a6ae0:   c0 48 8b 5c 24 30 48 8b 6c 24 38 48 8b 74 24 40
0x00007ffcd34a6af0:   48 83 c4 20 5f c3 8b 47 10 48 8b 74 24 40 44 8d
0x00007ffcd34a6b00:   04 82 41 c1 e0 06 41 81 c0 00 ff ff ff 44 89 47
0x00007ffcd34a6b10:   08 49 8b 12 48 0f bc c2 44 89 4f 0c 8b c8 48 d3
0x00007ffcd34a6b20:   ea 48 ff ca 41 03 c0 48 89 17 89 47 08 48 83 c4
0x00007ffcd34a6b30:   20 5f c3 8b c8 44 8d 04 98 41 c1 e0 06 8d 43 01
0x00007ffcd34a6b40:   44 89 47 08 48 8b 14 ca 89 47 10 48 0f bc c2 44
0x00007ffcd34a6b50:   89 4f 0c 8b c8 48 d3 ea 48 ff ca 41 03 c0 48 89
0x00007ffcd34a6b60:   17 89 47 08 e9 78 ff ff ff cc cc cc cc cc cc cc
0x00007ffcd34a6b70:   40 53 48 83 ec 20 65 48 8b 04 25 58 00 00 00 8b
0x00007ffcd34a6b80:   0d 63 bb 8a 00 48 8b 1c c8 b8 70 00 00 00 80 3c
0x00007ffcd34a6b90:   18 00 75 05 e8 47 6d 53 00 b8 20 00 00 00 48 8b
0x00007ffcd34a6ba0:   04 18 48 8b 88 68 06 00 00 48 8b 99 80 00 00 00 


Stack slot to memory mapping:

stack at sp + 0 slots: 0x0000000000002ce4 is an unknown value
stack at sp + 1 slots: 0x00007ffcd34a6c04 jvm.dll
stack at sp + 2 slots: 0x000002ca86c34db0 points into unknown readable memory: 0x0000000000000000 | 00 00 00 00 00 00 00 00
stack at sp + 3 slots: 0x000002cae8e75500 points into unknown readable memory: 0x632e6176616a2e74 | 74 2e 6a 61 76 61 2e 63
stack at sp + 4 slots: 0x0 is null
stack at sp + 5 slots: 0x00007ffcd34a0108 jvm.dll
stack at sp + 6 slots: 0x00000000000017f3 is an unknown value
stack at sp + 7 slots: 0x0000000000000002 is an unknown value


---------------  P R O C E S S  ---------------

Threads class SMR info:
_java_thread_list=0x000002cafe370360, length=38, elements={
0x000002cacc9d1290, 0x000002cae8e8cbe0, 0x000002cae8e8d8a0, 0x000002cae8e8f670,
0x000002cae8e920e0, 0x000002cae8e932e0, 0x000002cae8e93d40, 0x000002cae8e95270,
0x000002cae8e964b0, 0x000002cafe0ffe00, 0x000002cafe1f4ec0, 0x000002cafee32f00,
0x000002cafe298540, 0x000002cafe330bd0, 0x000002cafe0598a0, 0x000002caff0c2150,
0x000002cafe0bd440, 0x000002caff031aa0, 0x000002caff031410, 0x000002caff0306f0,
0x000002caff032130, 0x000002caff032e50, 0x000002caff0327c0, 0x000002caff030d80,
0x000002caff02f9d0, 0x000002cafef29720, 0x000002cafef28370, 0x000002cafef28a00,
0x000002cafef25580, 0x000002cafef2aad0, 0x000002cafef29090, 0x000002cafef27ce0,
0x000002cafef27650, 0x000002cafef26930, 0x000002cafef23b40, 0x000002cafef25c10,
0x000002cafef2a440, 0x000002ca864ee530
}

Java Threads: ( => current thread )
  0x000002cacc9d1290 JavaThread "main"                              [_thread_blocked, id=10860, stack(0x000000e067300000,0x000000e067400000) (1024K)]
  0x000002cae8e8cbe0 JavaThread "Reference Handler"          daemon [_thread_blocked, id=10688, stack(0x000000e067b00000,0x000000e067c00000) (1024K)]
  0x000002cae8e8d8a0 JavaThread "Finalizer"                  daemon [_thread_blocked, id=7240, stack(0x000000e067c00000,0x000000e067d00000) (1024K)]
  0x000002cae8e8f670 JavaThread "Signal Dispatcher"          daemon [_thread_blocked, id=2692, stack(0x000000e067d00000,0x000000e067e00000) (1024K)]
  0x000002cae8e920e0 JavaThread "Attach Listener"            daemon [_thread_blocked, id=2604, stack(0x000000e067e00000,0x000000e067f00000) (1024K)]
  0x000002cae8e932e0 JavaThread "Service Thread"             daemon [_thread_blocked, id=11036, stack(0x000000e067f00000,0x000000e068000000) (1024K)]
  0x000002cae8e93d40 JavaThread "Monitor Deflation Thread"   daemon [_thread_blocked, id=10036, stack(0x000000e068000000,0x000000e068100000) (1024K)]
=>0x000002cae8e95270 JavaThread "C2 CompilerThread0"         daemon [_thread_in_native, id=2096, stack(0x000000e068100000,0x000000e068200000) (1024K)]
  0x000002cae8e964b0 JavaThread "C1 CompilerThread0"         daemon [_thread_blocked, id=9456, stack(0x000000e068200000,0x000000e068300000) (1024K)]
  0x000002cafe0ffe00 JavaThread "Common-Cleaner"             daemon [_thread_blocked, id=6956, stack(0x000000e068300000,0x000000e068400000) (1024K)]
  0x000002cafe1f4ec0 JavaThread "Notification Thread"        daemon [_thread_blocked, id=11004, stack(0x000000e068500000,0x000000e068600000) (1024K)]
  0x000002cafee32f00 JavaThread "Daemon health stats"               [_thread_blocked, id=2164, stack(0x000000e068400000,0x000000e068500000) (1024K)]
  0x000002cafe298540 JavaThread "Incoming local TCP Connector on port 50209"        [_thread_in_native, id=11020, stack(0x000000e068900000,0x000000e068a00000) (1024K)]
  0x000002cafe330bd0 JavaThread "Daemon periodic checks"            [_thread_blocked, id=10452, stack(0x000000e068a00000,0x000000e068b00000) (1024K)]
  0x000002cafe0598a0 JavaThread "Daemon"                            [_thread_blocked, id=6404, stack(0x000000e068b00000,0x000000e068c00000) (1024K)]
  0x000002caff0c2150 JavaThread "Handler for socket connection from /127.0.0.1:50209 to /127.0.0.1:50210"        [_thread_in_native, id=872, stack(0x000000e068c00000,0x000000e068d00000) (1024K)]
  0x000002cafe0bd440 JavaThread "Cancel handler"                    [_thread_blocked, id=9432, stack(0x000000e068d00000,0x000000e068e00000) (1024K)]
  0x000002caff031aa0 JavaThread "Daemon worker"                     [_thread_in_Java, id=10952, stack(0x000000e068e00000,0x000000e068f00000) (1024K)]
  0x000002caff031410 JavaThread "Asynchronous log dispatcher for DefaultDaemonConnection: socket connection from /127.0.0.1:50209 to /127.0.0.1:50210"        [_thread_blocked, id=10848, stack(0x000000e068f00000,0x000000e069000000) (1024K)]
  0x000002caff0306f0 JavaThread "Stdin handler"                     [_thread_blocked, id=6816, stack(0x000000e069000000,0x000000e069100000) (1024K)]
  0x000002caff032130 JavaThread "Daemon client event forwarder"        [_thread_blocked, id=7908, stack(0x000000e069100000,0x000000e069200000) (1024K)]
  0x000002caff032e50 JavaThread "Cache worker for journal cache (C:\Users\Session\.gradle\caches\journal-1)"        [_thread_blocked, id=7684, stack(0x000000e069200000,0x000000e069300000) (1024K)]
  0x000002caff0327c0 JavaThread "File lock request listener"        [_thread_in_native, id=4240, stack(0x000000e069300000,0x000000e069400000) (1024K)]
  0x000002caff030d80 JavaThread "File lock release action executor"        [_thread_blocked, id=8140, stack(0x000000e069400000,0x000000e069500000) (1024K)]
  0x000002caff02f9d0 JavaThread "Cache worker for file hash cache (C:\Users\Session\.gradle\caches\8.10.2\fileHashes)"        [_thread_blocked, id=3176, stack(0x000000e069500000,0x000000e069600000) (1024K)]
  0x000002cafef29720 JavaThread "Cache worker for file hash cache (C:\Users\Session\Documents\automacorp\automacorp\.gradle\8.10.2\fileHashes)"        [_thread_blocked, id=10044, stack(0x000000e069600000,0x000000e069700000) (1024K)]
  0x000002cafef28370 JavaThread "Cache worker for Build Output Cleanup Cache (C:\Users\Session\Documents\automacorp\automacorp\.gradle\buildOutputCleanup)"        [_thread_blocked, id=3708, stack(0x000000e069700000,0x000000e069800000) (1024K)]
  0x000002cafef28a00 JavaThread "File watcher server"        daemon [_thread_in_native, id=5124, stack(0x000000e069800000,0x000000e069900000) (1024K)]
  0x000002cafef25580 JavaThread "File watcher consumer"      daemon [_thread_blocked, id=8372, stack(0x000000e069900000,0x000000e069a00000) (1024K)]
  0x000002cafef2aad0 JavaThread "jar transforms"                    [_thread_blocked, id=8640, stack(0x000000e069a00000,0x000000e069b00000) (1024K)]
  0x000002cafef29090 JavaThread "jar transforms Thread 2"           [_thread_blocked, id=9020, stack(0x000000e069b00000,0x000000e069c00000) (1024K)]
  0x000002cafef27ce0 JavaThread "jar transforms Thread 3"           [_thread_blocked, id=4004, stack(0x000000e069c00000,0x000000e069d00000) (1024K)]
  0x000002cafef27650 JavaThread "jar transforms Thread 4"           [_thread_blocked, id=11052, stack(0x000000e069d00000,0x000000e069e00000) (1024K)]
  0x000002cafef26930 JavaThread "Cache worker for checksums cache (C:\Users\Session\Documents\automacorp\automacorp\.gradle\8.10.2\checksums)"        [_thread_blocked, id=10652, stack(0x000000e069e00000,0x000000e069f00000) (1024K)]
  0x000002cafef23b40 JavaThread "Cache worker for file content cache (C:\Users\Session\.gradle\caches\8.10.2\fileContent)"        [_thread_blocked, id=2696, stack(0x000000e069f00000,0x000000e06a000000) (1024K)]
  0x000002cafef25c10 JavaThread "Cache worker for cache directory md-rule (C:\Users\Session\.gradle\caches\8.10.2\md-rule)"        [_thread_blocked, id=5720, stack(0x000000e06a000000,0x000000e06a100000) (1024K)]
  0x000002cafef2a440 JavaThread "Cache worker for cache directory md-supplier (C:\Users\Session\.gradle\caches\8.10.2\md-supplier)"        [_thread_blocked, id=9148, stack(0x000000e06a100000,0x000000e06a200000) (1024K)]
  0x000002ca864ee530 JavaThread "C2 CompilerThread1"         daemon [_thread_blocked, id=11440, stack(0x000000e067100000,0x000000e067200000) (1024K)]
Total: 38

Other Threads:
  0x000002cae8e6d1d0 VMThread "VM Thread"                           [id=7064, stack(0x000000e067a00000,0x000000e067b00000) (1024K)]
  0x000002cae8e536d0 WatcherThread "VM Periodic Task Thread"        [id=4220, stack(0x000000e067900000,0x000000e067a00000) (1024K)]
  0x000002caceb3c230 WorkerThread "GC Thread#0"                     [id=4636, stack(0x000000e067400000,0x000000e067500000) (1024K)]
  0x000002cafe2f86d0 WorkerThread "GC Thread#1"                     [id=9880, stack(0x000000e068600000,0x000000e068700000) (1024K)]
  0x000002cafe2f8a70 WorkerThread "GC Thread#2"                     [id=10500, stack(0x000000e068700000,0x000000e068800000) (1024K)]
  0x000002cafe2f8e10 WorkerThread "GC Thread#3"                     [id=11048, stack(0x000000e068800000,0x000000e068900000) (1024K)]
  0x000002caceb411a0 ConcurrentGCThread "G1 Main Marker"            [id=8824, stack(0x000000e067500000,0x000000e067600000) (1024K)]
  0x000002caceb41bb0 WorkerThread "G1 Conc#0"                       [id=10828, stack(0x000000e067600000,0x000000e067700000) (1024K)]
  0x000002cae8d2a100 ConcurrentGCThread "G1 Refine#0"               [id=3088, stack(0x000000e067700000,0x000000e067800000) (1024K)]
  0x000002cae8d2aa80 ConcurrentGCThread "G1 Service"                [id=8584, stack(0x000000e067800000,0x000000e067900000) (1024K)]
Total: 10

Threads with active compile tasks:
C2 CompilerThread0    61043 4927   !   4       java.lang.ClassLoader::loadClass (121 bytes)
Total: 1

VM state: not at safepoint (normal execution)

VM Mutex/Monitor currently owned by a thread: None

Heap address: 0x00000000e0000000, size: 512 MB, Compressed Oops mode: 32-bit

CDS archive(s) mapped at: [0x000002cae9000000-0x000002cae9c90000-0x000002cae9c90000), size 13172736, SharedBaseAddress: 0x000002cae9000000, ArchiveRelocationMode: 1.
Compressed class space mapped at: 0x000002caea000000-0x000002cafe000000, reserved size: 335544320
Narrow klass base: 0x000002cae9000000, Narrow klass shift: 0, Narrow klass range: 0x100000000

GC Precious Log:
 CardTable entry size: 512
 Card Set container configuration: InlinePtr #cards 5 size 8 Array Of Cards #cards 12 size 40 Howl #buckets 4 coarsen threshold 1843 Howl Bitmap #cards 512 size 80 coarsen threshold 460 Card regions per heap region 1 cards per card region 2048
 CPUs: 4 total, 4 available
 Memory: 8089M
 Large Page Support: Disabled
 NUMA Support: Disabled
 Compressed Oops: Enabled (32-bit)
 Heap Region Size: 1M
 Heap Min Capacity: 256M
 Heap Initial Capacity: 256M
 Heap Max Capacity: 512M
 Pre-touch: Disabled
 Parallel Workers: 4
 Concurrent Workers: 1
 Concurrent Refinement Workers: 4
 Periodic GC: Disabled

Heap:
 garbage-first heap   total 262144K, used 107520K [0x00000000e0000000, 0x0000000100000000)
  region size 1024K, 69 young (70656K), 8 survivors (8192K)
 Metaspace       used 41579K, committed 43136K, reserved 393216K
  class space    used 5918K, committed 6720K, reserved 327680K

Heap Regions: E=young(eden), S=young(survivor), O=old, HS=humongous(starts), HC=humongous(continues), CS=collection set, F=free, TAMS=top-at-mark-start, PB=parsable bottom
|   0|0x00000000e0000000, 0x00000000e0100000, 0x00000000e0100000|100%|HS|  |TAMS 0x00000000e0000000| PB 0x00000000e0000000| Complete 
|   1|0x00000000e0100000, 0x00000000e0200000, 0x00000000e0200000|100%|HC|  |TAMS 0x00000000e0100000| PB 0x00000000e0100000| Complete 
|   2|0x00000000e0200000, 0x00000000e0300000, 0x00000000e0300000|100%|HC|  |TAMS 0x00000000e0200000| PB 0x00000000e0200000| Complete 
|   3|0x00000000e0300000, 0x00000000e0400000, 0x00000000e0400000|100%|HC|  |TAMS 0x00000000e0300000| PB 0x00000000e0300000| Complete 
|   4|0x00000000e0400000, 0x00000000e0500000, 0x00000000e0500000|100%| O|  |TAMS 0x00000000e0400000| PB 0x00000000e0400000| Untracked 
|   5|0x00000000e0500000, 0x00000000e0600000, 0x00000000e0600000|100%| O|  |TAMS 0x00000000e0500000| PB 0x00000000e0500000| Untracked 
|   6|0x00000000e0600000, 0x00000000e0700000, 0x00000000e0700000|100%| O|  |TAMS 0x00000000e0600000| PB 0x00000000e0600000| Untracked 
|   7|0x00000000e0700000, 0x00000000e0800000, 0x00000000e0800000|100%| O|  |TAMS 0x00000000e0700000| PB 0x00000000e0700000| Untracked 
|   8|0x00000000e0800000, 0x00000000e0900000, 0x00000000e0900000|100%| O|  |TAMS 0x00000000e0800000| PB 0x00000000e0800000| Untracked 
|   9|0x00000000e0900000, 0x00000000e0a00000, 0x00000000e0a00000|100%|HS|  |TAMS 0x00000000e0900000| PB 0x00000000e0900000| Complete 
|  10|0x00000000e0a00000, 0x00000000e0b00000, 0x00000000e0b00000|100%|HS|  |TAMS 0x00000000e0a00000| PB 0x00000000e0a00000| Complete 
|  11|0x00000000e0b00000, 0x00000000e0c00000, 0x00000000e0c00000|100%|HC|  |TAMS 0x00000000e0b00000| PB 0x00000000e0b00000| Complete 
|  12|0x00000000e0c00000, 0x00000000e0d00000, 0x00000000e0d00000|100%|HC|  |TAMS 0x00000000e0c00000| PB 0x00000000e0c00000| Complete 
|  13|0x00000000e0d00000, 0x00000000e0e00000, 0x00000000e0e00000|100%|HC|  |TAMS 0x00000000e0d00000| PB 0x00000000e0d00000| Complete 
|  14|0x00000000e0e00000, 0x00000000e0f00000, 0x00000000e0f00000|100%|HC|  |TAMS 0x00000000e0e00000| PB 0x00000000e0e00000| Complete 
|  15|0x00000000e0f00000, 0x00000000e1000000, 0x00000000e1000000|100%|HS|  |TAMS 0x00000000e0f00000| PB 0x00000000e0f00000| Complete 
|  16|0x00000000e1000000, 0x00000000e1100000, 0x00000000e1100000|100%|HC|  |TAMS 0x00000000e1000000| PB 0x00000000e1000000| Complete 
|  17|0x00000000e1100000, 0x00000000e1200000, 0x00000000e1200000|100%|HC|  |TAMS 0x00000000e1100000| PB 0x00000000e1100000| Complete 
|  18|0x00000000e1200000, 0x00000000e1300000, 0x00000000e1300000|100%|HS|  |TAMS 0x00000000e1200000| PB 0x00000000e1200000| Complete 
|  19|0x00000000e1300000, 0x00000000e1400000, 0x00000000e1400000|100%|HC|  |TAMS 0x00000000e1300000| PB 0x00000000e1300000| Complete 
|  20|0x00000000e1400000, 0x00000000e1500000, 0x00000000e1500000|100%| O|  |TAMS 0x00000000e1400000| PB 0x00000000e1400000| Untracked 
|  21|0x00000000e1500000, 0x00000000e1600000, 0x00000000e1600000|100%| O|  |TAMS 0x00000000e1500000| PB 0x00000000e1500000| Untracked 
|  22|0x00000000e1600000, 0x00000000e1700000, 0x00000000e1700000|100%| O|  |TAMS 0x00000000e1600000| PB 0x00000000e1600000| Untracked 
|  23|0x00000000e1700000, 0x00000000e1800000, 0x00000000e1800000|100%| O|  |TAMS 0x00000000e1700000| PB 0x00000000e1700000| Untracked 
|  24|0x00000000e1800000, 0x00000000e1900000, 0x00000000e1900000|100%| O|  |TAMS 0x00000000e1800000| PB 0x00000000e1800000| Untracked 
|  25|0x00000000e1900000, 0x00000000e1a00000, 0x00000000e1a00000|100%| O|  |TAMS 0x00000000e1900000| PB 0x00000000e1900000| Untracked 
|  26|0x00000000e1a00000, 0x00000000e1b00000, 0x00000000e1b00000|100%| O|  |TAMS 0x00000000e1a00000| PB 0x00000000e1a00000| Untracked 
|  27|0x00000000e1b00000, 0x00000000e1c00000, 0x00000000e1c00000|100%| O|  |TAMS 0x00000000e1b00000| PB 0x00000000e1b00000| Untracked 
|  28|0x00000000e1c00000, 0x00000000e1d00000, 0x00000000e1d00000|100%| O|  |TAMS 0x00000000e1c00000| PB 0x00000000e1c00000| Untracked 
|  29|0x00000000e1d00000, 0x00000000e1e00000, 0x00000000e1e00000|100%| O|  |TAMS 0x00000000e1d00000| PB 0x00000000e1d00000| Untracked 
|  30|0x00000000e1e00000, 0x00000000e1f00000, 0x00000000e1f00000|100%| O|  |TAMS 0x00000000e1e00000| PB 0x00000000e1e00000| Untracked 
|  31|0x00000000e1f00000, 0x00000000e2000000, 0x00000000e2000000|100%| O|  |TAMS 0x00000000e1f00000| PB 0x00000000e1f00000| Untracked 
|  32|0x00000000e2000000, 0x00000000e2100000, 0x00000000e2100000|100%| O|Cm|TAMS 0x00000000e2000000| PB 0x00000000e2000000| Complete 
|  33|0x00000000e2100000, 0x00000000e2200000, 0x00000000e2200000|100%|HS|  |TAMS 0x00000000e2100000| PB 0x00000000e2100000| Complete 
|  34|0x00000000e2200000, 0x00000000e2300000, 0x00000000e2300000|100%|HS|  |TAMS 0x00000000e2200000| PB 0x00000000e2200000| Complete 
|  35|0x00000000e2300000, 0x00000000e2400000, 0x00000000e2400000|100%|HC|  |TAMS 0x00000000e2300000| PB 0x00000000e2300000| Complete 
|  36|0x00000000e2400000, 0x00000000e2500000, 0x00000000e2500000|100%|HS|  |TAMS 0x00000000e2400000| PB 0x00000000e2400000| Complete 
|  37|0x00000000e2500000, 0x00000000e2600000, 0x00000000e2600000|100%|HC|  |TAMS 0x00000000e2500000| PB 0x00000000e2500000| Complete 
|  38|0x00000000e2600000, 0x00000000e2600000, 0x00000000e2700000|  0%| F|  |TAMS 0x00000000e2600000| PB 0x00000000e2600000| Untracked 
|  39|0x00000000e2700000, 0x00000000e2700000, 0x00000000e2800000|  0%| F|  |TAMS 0x00000000e2700000| PB 0x00000000e2700000| Untracked 
|  40|0x00000000e2800000, 0x00000000e2800000, 0x00000000e2900000|  0%| F|  |TAMS 0x00000000e2800000| PB 0x00000000e2800000| Untracked 
|  41|0x00000000e2900000, 0x00000000e2900000, 0x00000000e2a00000|  0%| F|  |TAMS 0x00000000e2900000| PB 0x00000000e2900000| Untracked 
|  42|0x00000000e2a00000, 0x00000000e2a00000, 0x00000000e2b00000|  0%| F|  |TAMS 0x00000000e2a00000| PB 0x00000000e2a00000| Untracked 
|  43|0x00000000e2b00000, 0x00000000e2b00000, 0x00000000e2c00000|  0%| F|  |TAMS 0x00000000e2b00000| PB 0x00000000e2b00000| Untracked 
|  44|0x00000000e2c00000, 0x00000000e2c00000, 0x00000000e2d00000|  0%| F|  |TAMS 0x00000000e2c00000| PB 0x00000000e2c00000| Untracked 
|  45|0x00000000e2d00000, 0x00000000e2d00000, 0x00000000e2e00000|  0%| F|  |TAMS 0x00000000e2d00000| PB 0x00000000e2d00000| Untracked 
|  46|0x00000000e2e00000, 0x00000000e2e00000, 0x00000000e2f00000|  0%| F|  |TAMS 0x00000000e2e00000| PB 0x00000000e2e00000| Untracked 
|  47|0x00000000e2f00000, 0x00000000e2f00000, 0x00000000e3000000|  0%| F|  |TAMS 0x00000000e2f00000| PB 0x00000000e2f00000| Untracked 
|  48|0x00000000e3000000, 0x00000000e3000000, 0x00000000e3100000|  0%| F|  |TAMS 0x00000000e3000000| PB 0x00000000e3000000| Untracked 
|  49|0x00000000e3100000, 0x00000000e3100000, 0x00000000e3200000|  0%| F|  |TAMS 0x00000000e3100000| PB 0x00000000e3100000| Untracked 
|  50|0x00000000e3200000, 0x00000000e3200000, 0x00000000e3300000|  0%| F|  |TAMS 0x00000000e3200000| PB 0x00000000e3200000| Untracked 
|  51|0x00000000e3300000, 0x00000000e3300000, 0x00000000e3400000|  0%| F|  |TAMS 0x00000000e3300000| PB 0x00000000e3300000| Untracked 
|  52|0x00000000e3400000, 0x00000000e3400000, 0x00000000e3500000|  0%| F|  |TAMS 0x00000000e3400000| PB 0x00000000e3400000| Untracked 
|  53|0x00000000e3500000, 0x00000000e3500000, 0x00000000e3600000|  0%| F|  |TAMS 0x00000000e3500000| PB 0x00000000e3500000| Untracked 
|  54|0x00000000e3600000, 0x00000000e3600000, 0x00000000e3700000|  0%| F|  |TAMS 0x00000000e3600000| PB 0x00000000e3600000| Untracked 
|  55|0x00000000e3700000, 0x00000000e3700000, 0x00000000e3800000|  0%| F|  |TAMS 0x00000000e3700000| PB 0x00000000e3700000| Untracked 
|  56|0x00000000e3800000, 0x00000000e3800000, 0x00000000e3900000|  0%| F|  |TAMS 0x00000000e3800000| PB 0x00000000e3800000| Untracked 
|  57|0x00000000e3900000, 0x00000000e3900000, 0x00000000e3a00000|  0%| F|  |TAMS 0x00000000e3900000| PB 0x00000000e3900000| Untracked 
|  58|0x00000000e3a00000, 0x00000000e3a00000, 0x00000000e3b00000|  0%| F|  |TAMS 0x00000000e3a00000| PB 0x00000000e3a00000| Untracked 
|  59|0x00000000e3b00000, 0x00000000e3b00000, 0x00000000e3c00000|  0%| F|  |TAMS 0x00000000e3b00000| PB 0x00000000e3b00000| Untracked 
|  60|0x00000000e3c00000, 0x00000000e3c00000, 0x00000000e3d00000|  0%| F|  |TAMS 0x00000000e3c00000| PB 0x00000000e3c00000| Untracked 
|  61|0x00000000e3d00000, 0x00000000e3d00000, 0x00000000e3e00000|  0%| F|  |TAMS 0x00000000e3d00000| PB 0x00000000e3d00000| Untracked 
|  62|0x00000000e3e00000, 0x00000000e3e00000, 0x00000000e3f00000|  0%| F|  |TAMS 0x00000000e3e00000| PB 0x00000000e3e00000| Untracked 
|  63|0x00000000e3f00000, 0x00000000e3f00000, 0x00000000e4000000|  0%| F|  |TAMS 0x00000000e3f00000| PB 0x00000000e3f00000| Untracked 
|  64|0x00000000e4000000, 0x00000000e4000000, 0x00000000e4100000|  0%| F|  |TAMS 0x00000000e4000000| PB 0x00000000e4000000| Untracked 
|  65|0x00000000e4100000, 0x00000000e4100000, 0x00000000e4200000|  0%| F|  |TAMS 0x00000000e4100000| PB 0x00000000e4100000| Untracked 
|  66|0x00000000e4200000, 0x00000000e4200000, 0x00000000e4300000|  0%| F|  |TAMS 0x00000000e4200000| PB 0x00000000e4200000| Untracked 
|  67|0x00000000e4300000, 0x00000000e4300000, 0x00000000e4400000|  0%| F|  |TAMS 0x00000000e4300000| PB 0x00000000e4300000| Untracked 
|  68|0x00000000e4400000, 0x00000000e4400000, 0x00000000e4500000|  0%| F|  |TAMS 0x00000000e4400000| PB 0x00000000e4400000| Untracked 
|  69|0x00000000e4500000, 0x00000000e4500000, 0x00000000e4600000|  0%| F|  |TAMS 0x00000000e4500000| PB 0x00000000e4500000| Untracked 
|  70|0x00000000e4600000, 0x00000000e4600000, 0x00000000e4700000|  0%| F|  |TAMS 0x00000000e4600000| PB 0x00000000e4600000| Untracked 
|  71|0x00000000e4700000, 0x00000000e4700000, 0x00000000e4800000|  0%| F|  |TAMS 0x00000000e4700000| PB 0x00000000e4700000| Untracked 
|  72|0x00000000e4800000, 0x00000000e4800000, 0x00000000e4900000|  0%| F|  |TAMS 0x00000000e4800000| PB 0x00000000e4800000| Untracked 
|  73|0x00000000e4900000, 0x00000000e4900000, 0x00000000e4a00000|  0%| F|  |TAMS 0x00000000e4900000| PB 0x00000000e4900000| Untracked 
|  74|0x00000000e4a00000, 0x00000000e4a00000, 0x00000000e4b00000|  0%| F|  |TAMS 0x00000000e4a00000| PB 0x00000000e4a00000| Untracked 
|  75|0x00000000e4b00000, 0x00000000e4b00000, 0x00000000e4c00000|  0%| F|  |TAMS 0x00000000e4b00000| PB 0x00000000e4b00000| Untracked 
|  76|0x00000000e4c00000, 0x00000000e4c00000, 0x00000000e4d00000|  0%| F|  |TAMS 0x00000000e4c00000| PB 0x00000000e4c00000| Untracked 
|  77|0x00000000e4d00000, 0x00000000e4d00000, 0x00000000e4e00000|  0%| F|  |TAMS 0x00000000e4d00000| PB 0x00000000e4d00000| Untracked 
|  78|0x00000000e4e00000, 0x00000000e4e00000, 0x00000000e4f00000|  0%| F|  |TAMS 0x00000000e4e00000| PB 0x00000000e4e00000| Untracked 
|  79|0x00000000e4f00000, 0x00000000e4f00000, 0x00000000e5000000|  0%| F|  |TAMS 0x00000000e4f00000| PB 0x00000000e4f00000| Untracked 
|  80|0x00000000e5000000, 0x00000000e5000000, 0x00000000e5100000|  0%| F|  |TAMS 0x00000000e5000000| PB 0x00000000e5000000| Untracked 
|  81|0x00000000e5100000, 0x00000000e5100000, 0x00000000e5200000|  0%| F|  |TAMS 0x00000000e5100000| PB 0x00000000e5100000| Untracked 
|  82|0x00000000e5200000, 0x00000000e5200000, 0x00000000e5300000|  0%| F|  |TAMS 0x00000000e5200000| PB 0x00000000e5200000| Untracked 
|  83|0x00000000e5300000, 0x00000000e5300000, 0x00000000e5400000|  0%| F|  |TAMS 0x00000000e5300000| PB 0x00000000e5300000| Untracked 
|  84|0x00000000e5400000, 0x00000000e5400000, 0x00000000e5500000|  0%| F|  |TAMS 0x00000000e5400000| PB 0x00000000e5400000| Untracked 
|  85|0x00000000e5500000, 0x00000000e5500000, 0x00000000e5600000|  0%| F|  |TAMS 0x00000000e5500000| PB 0x00000000e5500000| Untracked 
|  86|0x00000000e5600000, 0x00000000e5600000, 0x00000000e5700000|  0%| F|  |TAMS 0x00000000e5600000| PB 0x00000000e5600000| Untracked 
|  87|0x00000000e5700000, 0x00000000e5700000, 0x00000000e5800000|  0%| F|  |TAMS 0x00000000e5700000| PB 0x00000000e5700000| Untracked 
|  88|0x00000000e5800000, 0x00000000e5800000, 0x00000000e5900000|  0%| F|  |TAMS 0x00000000e5800000| PB 0x00000000e5800000| Untracked 
|  89|0x00000000e5900000, 0x00000000e5900000, 0x00000000e5a00000|  0%| F|  |TAMS 0x00000000e5900000| PB 0x00000000e5900000| Untracked 
|  90|0x00000000e5a00000, 0x00000000e5a00000, 0x00000000e5b00000|  0%| F|  |TAMS 0x00000000e5a00000| PB 0x00000000e5a00000| Untracked 
|  91|0x00000000e5b00000, 0x00000000e5b00000, 0x00000000e5c00000|  0%| F|  |TAMS 0x00000000e5b00000| PB 0x00000000e5b00000| Untracked 
|  92|0x00000000e5c00000, 0x00000000e5c00000, 0x00000000e5d00000|  0%| F|  |TAMS 0x00000000e5c00000| PB 0x00000000e5c00000| Untracked 
|  93|0x00000000e5d00000, 0x00000000e5d00000, 0x00000000e5e00000|  0%| F|  |TAMS 0x00000000e5d00000| PB 0x00000000e5d00000| Untracked 
|  94|0x00000000e5e00000, 0x00000000e5e00000, 0x00000000e5f00000|  0%| F|  |TAMS 0x00000000e5e00000| PB 0x00000000e5e00000| Untracked 
|  95|0x00000000e5f00000, 0x00000000e5f00000, 0x00000000e6000000|  0%| F|  |TAMS 0x00000000e5f00000| PB 0x00000000e5f00000| Untracked 
|  96|0x00000000e6000000, 0x00000000e6000000, 0x00000000e6100000|  0%| F|  |TAMS 0x00000000e6000000| PB 0x00000000e6000000| Untracked 
|  97|0x00000000e6100000, 0x00000000e6100000, 0x00000000e6200000|  0%| F|  |TAMS 0x00000000e6100000| PB 0x00000000e6100000| Untracked 
|  98|0x00000000e6200000, 0x00000000e6200000, 0x00000000e6300000|  0%| F|  |TAMS 0x00000000e6200000| PB 0x00000000e6200000| Untracked 
|  99|0x00000000e6300000, 0x00000000e6300000, 0x00000000e6400000|  0%| F|  |TAMS 0x00000000e6300000| PB 0x00000000e6300000| Untracked 
| 100|0x00000000e6400000, 0x00000000e6400000, 0x00000000e6500000|  0%| F|  |TAMS 0x00000000e6400000| PB 0x00000000e6400000| Untracked 
| 101|0x00000000e6500000, 0x00000000e6500000, 0x00000000e6600000|  0%| F|  |TAMS 0x00000000e6500000| PB 0x00000000e6500000| Untracked 
| 102|0x00000000e6600000, 0x00000000e6600000, 0x00000000e6700000|  0%| F|  |TAMS 0x00000000e6600000| PB 0x00000000e6600000| Untracked 
| 103|0x00000000e6700000, 0x00000000e6700000, 0x00000000e6800000|  0%| F|  |TAMS 0x00000000e6700000| PB 0x00000000e6700000| Untracked 
| 104|0x00000000e6800000, 0x00000000e6800000, 0x00000000e6900000|  0%| F|  |TAMS 0x00000000e6800000| PB 0x00000000e6800000| Untracked 
| 105|0x00000000e6900000, 0x00000000e6900000, 0x00000000e6a00000|  0%| F|  |TAMS 0x00000000e6900000| PB 0x00000000e6900000| Untracked 
| 106|0x00000000e6a00000, 0x00000000e6a00000, 0x00000000e6b00000|  0%| F|  |TAMS 0x00000000e6a00000| PB 0x00000000e6a00000| Untracked 
| 107|0x00000000e6b00000, 0x00000000e6b00000, 0x00000000e6c00000|  0%| F|  |TAMS 0x00000000e6b00000| PB 0x00000000e6b00000| Untracked 
| 108|0x00000000e6c00000, 0x00000000e6c00000, 0x00000000e6d00000|  0%| F|  |TAMS 0x00000000e6c00000| PB 0x00000000e6c00000| Untracked 
| 109|0x00000000e6d00000, 0x00000000e6d00000, 0x00000000e6e00000|  0%| F|  |TAMS 0x00000000e6d00000| PB 0x00000000e6d00000| Untracked 
| 110|0x00000000e6e00000, 0x00000000e6e00000, 0x00000000e6f00000|  0%| F|  |TAMS 0x00000000e6e00000| PB 0x00000000e6e00000| Untracked 
| 111|0x00000000e6f00000, 0x00000000e6f00000, 0x00000000e7000000|  0%| F|  |TAMS 0x00000000e6f00000| PB 0x00000000e6f00000| Untracked 
| 112|0x00000000e7000000, 0x00000000e7000000, 0x00000000e7100000|  0%| F|  |TAMS 0x00000000e7000000| PB 0x00000000e7000000| Untracked 
| 113|0x00000000e7100000, 0x00000000e7100000, 0x00000000e7200000|  0%| F|  |TAMS 0x00000000e7100000| PB 0x00000000e7100000| Untracked 
| 114|0x00000000e7200000, 0x00000000e7200000, 0x00000000e7300000|  0%| F|  |TAMS 0x00000000e7200000| PB 0x00000000e7200000| Untracked 
| 115|0x00000000e7300000, 0x00000000e7300000, 0x00000000e7400000|  0%| F|  |TAMS 0x00000000e7300000| PB 0x00000000e7300000| Untracked 
| 116|0x00000000e7400000, 0x00000000e7400000, 0x00000000e7500000|  0%| F|  |TAMS 0x00000000e7400000| PB 0x00000000e7400000| Untracked 
| 117|0x00000000e7500000, 0x00000000e7500000, 0x00000000e7600000|  0%| F|  |TAMS 0x00000000e7500000| PB 0x00000000e7500000| Untracked 
| 118|0x00000000e7600000, 0x00000000e7600000, 0x00000000e7700000|  0%| F|  |TAMS 0x00000000e7600000| PB 0x00000000e7600000| Untracked 
| 119|0x00000000e7700000, 0x00000000e7700000, 0x00000000e7800000|  0%| F|  |TAMS 0x00000000e7700000| PB 0x00000000e7700000| Untracked 
| 120|0x00000000e7800000, 0x00000000e7800000, 0x00000000e7900000|  0%| F|  |TAMS 0x00000000e7800000| PB 0x00000000e7800000| Untracked 
| 121|0x00000000e7900000, 0x00000000e7900000, 0x00000000e7a00000|  0%| F|  |TAMS 0x00000000e7900000| PB 0x00000000e7900000| Untracked 
| 122|0x00000000e7a00000, 0x00000000e7a00000, 0x00000000e7b00000|  0%| F|  |TAMS 0x00000000e7a00000| PB 0x00000000e7a00000| Untracked 
| 123|0x00000000e7b00000, 0x00000000e7b00000, 0x00000000e7c00000|  0%| F|  |TAMS 0x00000000e7b00000| PB 0x00000000e7b00000| Untracked 
| 124|0x00000000e7c00000, 0x00000000e7c00000, 0x00000000e7d00000|  0%| F|  |TAMS 0x00000000e7c00000| PB 0x00000000e7c00000| Untracked 
| 125|0x00000000e7d00000, 0x00000000e7d00000, 0x00000000e7e00000|  0%| F|  |TAMS 0x00000000e7d00000| PB 0x00000000e7d00000| Untracked 
| 126|0x00000000e7e00000, 0x00000000e7e00000, 0x00000000e7f00000|  0%| F|  |TAMS 0x00000000e7e00000| PB 0x00000000e7e00000| Untracked 
| 127|0x00000000e7f00000, 0x00000000e7f00000, 0x00000000e8000000|  0%| F|  |TAMS 0x00000000e7f00000| PB 0x00000000e7f00000| Untracked 
| 128|0x00000000e8000000, 0x00000000e8000000, 0x00000000e8100000|  0%| F|  |TAMS 0x00000000e8000000| PB 0x00000000e8000000| Untracked 
| 129|0x00000000e8100000, 0x00000000e8100000, 0x00000000e8200000|  0%| F|  |TAMS 0x00000000e8100000| PB 0x00000000e8100000| Untracked 
| 130|0x00000000e8200000, 0x00000000e8200000, 0x00000000e8300000|  0%| F|  |TAMS 0x00000000e8200000| PB 0x00000000e8200000| Untracked 
| 131|0x00000000e8300000, 0x00000000e8300000, 0x00000000e8400000|  0%| F|  |TAMS 0x00000000e8300000| PB 0x00000000e8300000| Untracked 
| 132|0x00000000e8400000, 0x00000000e8400000, 0x00000000e8500000|  0%| F|  |TAMS 0x00000000e8400000| PB 0x00000000e8400000| Untracked 
| 133|0x00000000e8500000, 0x00000000e8500000, 0x00000000e8600000|  0%| F|  |TAMS 0x00000000e8500000| PB 0x00000000e8500000| Untracked 
| 134|0x00000000e8600000, 0x00000000e8600000, 0x00000000e8700000|  0%| F|  |TAMS 0x00000000e8600000| PB 0x00000000e8600000| Untracked 
| 135|0x00000000e8700000, 0x00000000e8700000, 0x00000000e8800000|  0%| F|  |TAMS 0x00000000e8700000| PB 0x00000000e8700000| Untracked 
| 136|0x00000000e8800000, 0x00000000e8800000, 0x00000000e8900000|  0%| F|  |TAMS 0x00000000e8800000| PB 0x00000000e8800000| Untracked 
| 137|0x00000000e8900000, 0x00000000e8900000, 0x00000000e8a00000|  0%| F|  |TAMS 0x00000000e8900000| PB 0x00000000e8900000| Untracked 
| 138|0x00000000e8a00000, 0x00000000e8a00000, 0x00000000e8b00000|  0%| F|  |TAMS 0x00000000e8a00000| PB 0x00000000e8a00000| Untracked 
| 139|0x00000000e8b00000, 0x00000000e8b00000, 0x00000000e8c00000|  0%| F|  |TAMS 0x00000000e8b00000| PB 0x00000000e8b00000| Untracked 
| 140|0x00000000e8c00000, 0x00000000e8c00000, 0x00000000e8d00000|  0%| F|  |TAMS 0x00000000e8c00000| PB 0x00000000e8c00000| Untracked 
| 141|0x00000000e8d00000, 0x00000000e8d00000, 0x00000000e8e00000|  0%| F|  |TAMS 0x00000000e8d00000| PB 0x00000000e8d00000| Untracked 
| 142|0x00000000e8e00000, 0x00000000e8e00000, 0x00000000e8f00000|  0%| F|  |TAMS 0x00000000e8e00000| PB 0x00000000e8e00000| Untracked 
| 143|0x00000000e8f00000, 0x00000000e8f00000, 0x00000000e9000000|  0%| F|  |TAMS 0x00000000e8f00000| PB 0x00000000e8f00000| Untracked 
| 144|0x00000000e9000000, 0x00000000e9000000, 0x00000000e9100000|  0%| F|  |TAMS 0x00000000e9000000| PB 0x00000000e9000000| Untracked 
| 145|0x00000000e9100000, 0x00000000e9100000, 0x00000000e9200000|  0%| F|  |TAMS 0x00000000e9100000| PB 0x00000000e9100000| Untracked 
| 146|0x00000000e9200000, 0x00000000e9200000, 0x00000000e9300000|  0%| F|  |TAMS 0x00000000e9200000| PB 0x00000000e9200000| Untracked 
| 147|0x00000000e9300000, 0x00000000e9300000, 0x00000000e9400000|  0%| F|  |TAMS 0x00000000e9300000| PB 0x00000000e9300000| Untracked 
| 148|0x00000000e9400000, 0x00000000e9400000, 0x00000000e9500000|  0%| F|  |TAMS 0x00000000e9400000| PB 0x00000000e9400000| Untracked 
| 149|0x00000000e9500000, 0x00000000e9500000, 0x00000000e9600000|  0%| F|  |TAMS 0x00000000e9500000| PB 0x00000000e9500000| Untracked 
| 150|0x00000000e9600000, 0x00000000e9600000, 0x00000000e9700000|  0%| F|  |TAMS 0x00000000e9600000| PB 0x00000000e9600000| Untracked 
| 151|0x00000000e9700000, 0x00000000e9700000, 0x00000000e9800000|  0%| F|  |TAMS 0x00000000e9700000| PB 0x00000000e9700000| Untracked 
| 152|0x00000000e9800000, 0x00000000e9800000, 0x00000000e9900000|  0%| F|  |TAMS 0x00000000e9800000| PB 0x00000000e9800000| Untracked 
| 153|0x00000000e9900000, 0x00000000e9900000, 0x00000000e9a00000|  0%| F|  |TAMS 0x00000000e9900000| PB 0x00000000e9900000| Untracked 
| 154|0x00000000e9a00000, 0x00000000e9a00000, 0x00000000e9b00000|  0%| F|  |TAMS 0x00000000e9a00000| PB 0x00000000e9a00000| Untracked 
| 155|0x00000000e9b00000, 0x00000000e9b00000, 0x00000000e9c00000|  0%| F|  |TAMS 0x00000000e9b00000| PB 0x00000000e9b00000| Untracked 
| 156|0x00000000e9c00000, 0x00000000e9c00000, 0x00000000e9d00000|  0%| F|  |TAMS 0x00000000e9c00000| PB 0x00000000e9c00000| Untracked 
| 157|0x00000000e9d00000, 0x00000000e9d00000, 0x00000000e9e00000|  0%| F|  |TAMS 0x00000000e9d00000| PB 0x00000000e9d00000| Untracked 
| 158|0x00000000e9e00000, 0x00000000e9e00000, 0x00000000e9f00000|  0%| F|  |TAMS 0x00000000e9e00000| PB 0x00000000e9e00000| Untracked 
| 159|0x00000000e9f00000, 0x00000000e9f00000, 0x00000000ea000000|  0%| F|  |TAMS 0x00000000e9f00000| PB 0x00000000e9f00000| Untracked 
| 160|0x00000000ea000000, 0x00000000ea000000, 0x00000000ea100000|  0%| F|  |TAMS 0x00000000ea000000| PB 0x00000000ea000000| Untracked 
| 161|0x00000000ea100000, 0x00000000ea100000, 0x00000000ea200000|  0%| F|  |TAMS 0x00000000ea100000| PB 0x00000000ea100000| Untracked 
| 162|0x00000000ea200000, 0x00000000ea200000, 0x00000000ea300000|  0%| F|  |TAMS 0x00000000ea200000| PB 0x00000000ea200000| Untracked 
| 163|0x00000000ea300000, 0x00000000ea300000, 0x00000000ea400000|  0%| F|  |TAMS 0x00000000ea300000| PB 0x00000000ea300000| Untracked 
| 164|0x00000000ea400000, 0x00000000ea400000, 0x00000000ea500000|  0%| F|  |TAMS 0x00000000ea400000| PB 0x00000000ea400000| Untracked 
| 165|0x00000000ea500000, 0x00000000ea500000, 0x00000000ea600000|  0%| F|  |TAMS 0x00000000ea500000| PB 0x00000000ea500000| Untracked 
| 166|0x00000000ea600000, 0x00000000ea600000, 0x00000000ea700000|  0%| F|  |TAMS 0x00000000ea600000| PB 0x00000000ea600000| Untracked 
| 167|0x00000000ea700000, 0x00000000ea700000, 0x00000000ea800000|  0%| F|  |TAMS 0x00000000ea700000| PB 0x00000000ea700000| Untracked 
| 168|0x00000000ea800000, 0x00000000ea800000, 0x00000000ea900000|  0%| F|  |TAMS 0x00000000ea800000| PB 0x00000000ea800000| Untracked 
| 169|0x00000000ea900000, 0x00000000ea900000, 0x00000000eaa00000|  0%| F|  |TAMS 0x00000000ea900000| PB 0x00000000ea900000| Untracked 
| 170|0x00000000eaa00000, 0x00000000eaa00000, 0x00000000eab00000|  0%| F|  |TAMS 0x00000000eaa00000| PB 0x00000000eaa00000| Untracked 
| 171|0x00000000eab00000, 0x00000000eab00000, 0x00000000eac00000|  0%| F|  |TAMS 0x00000000eab00000| PB 0x00000000eab00000| Untracked 
| 172|0x00000000eac00000, 0x00000000eac00000, 0x00000000ead00000|  0%| F|  |TAMS 0x00000000eac00000| PB 0x00000000eac00000| Untracked 
| 173|0x00000000ead00000, 0x00000000ead00000, 0x00000000eae00000|  0%| F|  |TAMS 0x00000000ead00000| PB 0x00000000ead00000| Untracked 
| 174|0x00000000eae00000, 0x00000000eae00000, 0x00000000eaf00000|  0%| F|  |TAMS 0x00000000eae00000| PB 0x00000000eae00000| Untracked 
| 175|0x00000000eaf00000, 0x00000000eaf00000, 0x00000000eb000000|  0%| F|  |TAMS 0x00000000eaf00000| PB 0x00000000eaf00000| Untracked 
| 176|0x00000000eb000000, 0x00000000eb000000, 0x00000000eb100000|  0%| F|  |TAMS 0x00000000eb000000| PB 0x00000000eb000000| Untracked 
| 177|0x00000000eb100000, 0x00000000eb100000, 0x00000000eb200000|  0%| F|  |TAMS 0x00000000eb100000| PB 0x00000000eb100000| Untracked 
| 178|0x00000000eb200000, 0x00000000eb200000, 0x00000000eb300000|  0%| F|  |TAMS 0x00000000eb200000| PB 0x00000000eb200000| Untracked 
| 179|0x00000000eb300000, 0x00000000eb300000, 0x00000000eb400000|  0%| F|  |TAMS 0x00000000eb300000| PB 0x00000000eb300000| Untracked 
| 180|0x00000000eb400000, 0x00000000eb400000, 0x00000000eb500000|  0%| F|  |TAMS 0x00000000eb400000| PB 0x00000000eb400000| Untracked 
| 181|0x00000000eb500000, 0x00000000eb500000, 0x00000000eb600000|  0%| F|  |TAMS 0x00000000eb500000| PB 0x00000000eb500000| Untracked 
| 182|0x00000000eb600000, 0x00000000eb600000, 0x00000000eb700000|  0%| F|  |TAMS 0x00000000eb600000| PB 0x00000000eb600000| Untracked 
| 183|0x00000000eb700000, 0x00000000eb700000, 0x00000000eb800000|  0%| F|  |TAMS 0x00000000eb700000| PB 0x00000000eb700000| Untracked 
| 184|0x00000000eb800000, 0x00000000eb800000, 0x00000000eb900000|  0%| F|  |TAMS 0x00000000eb800000| PB 0x00000000eb800000| Untracked 
| 185|0x00000000eb900000, 0x00000000eb900000, 0x00000000eba00000|  0%| F|  |TAMS 0x00000000eb900000| PB 0x00000000eb900000| Untracked 
| 186|0x00000000eba00000, 0x00000000eba00000, 0x00000000ebb00000|  0%| F|  |TAMS 0x00000000eba00000| PB 0x00000000eba00000| Untracked 
| 187|0x00000000ebb00000, 0x00000000ebc00000, 0x00000000ebc00000|100%| E|  |TAMS 0x00000000ebb00000| PB 0x00000000ebb00000| Complete 
| 188|0x00000000ebc00000, 0x00000000ebd00000, 0x00000000ebd00000|100%| E|CS|TAMS 0x00000000ebc00000| PB 0x00000000ebc00000| Complete 
| 189|0x00000000ebd00000, 0x00000000ebe00000, 0x00000000ebe00000|100%| E|CS|TAMS 0x00000000ebd00000| PB 0x00000000ebd00000| Complete 
| 190|0x00000000ebe00000, 0x00000000ebf00000, 0x00000000ebf00000|100%| E|CS|TAMS 0x00000000ebe00000| PB 0x00000000ebe00000| Complete 
| 191|0x00000000ebf00000, 0x00000000ec000000, 0x00000000ec000000|100%| E|CS|TAMS 0x00000000ebf00000| PB 0x00000000ebf00000| Complete 
| 192|0x00000000ec000000, 0x00000000ec100000, 0x00000000ec100000|100%| E|CS|TAMS 0x00000000ec000000| PB 0x00000000ec000000| Complete 
| 193|0x00000000ec100000, 0x00000000ec200000, 0x00000000ec200000|100%| E|CS|TAMS 0x00000000ec100000| PB 0x00000000ec100000| Complete 
| 194|0x00000000ec200000, 0x00000000ec300000, 0x00000000ec300000|100%| E|CS|TAMS 0x00000000ec200000| PB 0x00000000ec200000| Complete 
| 195|0x00000000ec300000, 0x00000000ec400000, 0x00000000ec400000|100%| E|CS|TAMS 0x00000000ec300000| PB 0x00000000ec300000| Complete 
| 196|0x00000000ec400000, 0x00000000ec500000, 0x00000000ec500000|100%| E|CS|TAMS 0x00000000ec400000| PB 0x00000000ec400000| Complete 
| 197|0x00000000ec500000, 0x00000000ec600000, 0x00000000ec600000|100%| E|CS|TAMS 0x00000000ec500000| PB 0x00000000ec500000| Complete 
| 198|0x00000000ec600000, 0x00000000ec700000, 0x00000000ec700000|100%| E|CS|TAMS 0x00000000ec600000| PB 0x00000000ec600000| Complete 
| 199|0x00000000ec700000, 0x00000000ec800000, 0x00000000ec800000|100%| E|CS|TAMS 0x00000000ec700000| PB 0x00000000ec700000| Complete 
| 200|0x00000000ec800000, 0x00000000ec900000, 0x00000000ec900000|100%| E|CS|TAMS 0x00000000ec800000| PB 0x00000000ec800000| Complete 
| 201|0x00000000ec900000, 0x00000000eca00000, 0x00000000eca00000|100%| E|CS|TAMS 0x00000000ec900000| PB 0x00000000ec900000| Complete 
| 202|0x00000000eca00000, 0x00000000ecb00000, 0x00000000ecb00000|100%| E|CS|TAMS 0x00000000eca00000| PB 0x00000000eca00000| Complete 
| 203|0x00000000ecb00000, 0x00000000ecc00000, 0x00000000ecc00000|100%| E|CS|TAMS 0x00000000ecb00000| PB 0x00000000ecb00000| Complete 
| 204|0x00000000ecc00000, 0x00000000ecd00000, 0x00000000ecd00000|100%| E|CS|TAMS 0x00000000ecc00000| PB 0x00000000ecc00000| Complete 
| 205|0x00000000ecd00000, 0x00000000ece00000, 0x00000000ece00000|100%| E|CS|TAMS 0x00000000ecd00000| PB 0x00000000ecd00000| Complete 
| 206|0x00000000ece00000, 0x00000000ecf00000, 0x00000000ecf00000|100%| E|CS|TAMS 0x00000000ece00000| PB 0x00000000ece00000| Complete 
| 207|0x00000000ecf00000, 0x00000000ed000000, 0x00000000ed000000|100%| E|CS|TAMS 0x00000000ecf00000| PB 0x00000000ecf00000| Complete 
| 208|0x00000000ed000000, 0x00000000ed100000, 0x00000000ed100000|100%| E|CS|TAMS 0x00000000ed000000| PB 0x00000000ed000000| Complete 
| 209|0x00000000ed100000, 0x00000000ed200000, 0x00000000ed200000|100%| E|CS|TAMS 0x00000000ed100000| PB 0x00000000ed100000| Complete 
| 210|0x00000000ed200000, 0x00000000ed300000, 0x00000000ed300000|100%| E|CS|TAMS 0x00000000ed200000| PB 0x00000000ed200000| Complete 
| 211|0x00000000ed300000, 0x00000000ed400000, 0x00000000ed400000|100%| E|CS|TAMS 0x00000000ed300000| PB 0x00000000ed300000| Complete 
| 212|0x00000000ed400000, 0x00000000ed500000, 0x00000000ed500000|100%| E|CS|TAMS 0x00000000ed400000| PB 0x00000000ed400000| Complete 
| 213|0x00000000ed500000, 0x00000000ed600000, 0x00000000ed600000|100%| E|CS|TAMS 0x00000000ed500000| PB 0x00000000ed500000| Complete 
| 214|0x00000000ed600000, 0x00000000ed700000, 0x00000000ed700000|100%| E|CS|TAMS 0x00000000ed600000| PB 0x00000000ed600000| Complete 
| 215|0x00000000ed700000, 0x00000000ed800000, 0x00000000ed800000|100%| S|CS|TAMS 0x00000000ed700000| PB 0x00000000ed700000| Complete 
| 216|0x00000000ed800000, 0x00000000ed900000, 0x00000000ed900000|100%| S|CS|TAMS 0x00000000ed800000| PB 0x00000000ed800000| Complete 
| 217|0x00000000ed900000, 0x00000000eda00000, 0x00000000eda00000|100%| S|CS|TAMS 0x00000000ed900000| PB 0x00000000ed900000| Complete 
| 218|0x00000000eda00000, 0x00000000edb00000, 0x00000000edb00000|100%| S|CS|TAMS 0x00000000eda00000| PB 0x00000000eda00000| Complete 
| 219|0x00000000edb00000, 0x00000000edc00000, 0x00000000edc00000|100%| S|CS|TAMS 0x00000000edb00000| PB 0x00000000edb00000| Complete 
| 220|0x00000000edc00000, 0x00000000edd00000, 0x00000000edd00000|100%| S|CS|TAMS 0x00000000edc00000| PB 0x00000000edc00000| Complete 
| 221|0x00000000edd00000, 0x00000000ede00000, 0x00000000ede00000|100%| S|CS|TAMS 0x00000000edd00000| PB 0x00000000edd00000| Complete 
| 222|0x00000000ede00000, 0x00000000edf00000, 0x00000000edf00000|100%| S|CS|TAMS 0x00000000ede00000| PB 0x00000000ede00000| Complete 
| 223|0x00000000edf00000, 0x00000000ee000000, 0x00000000ee000000|100%| E|CS|TAMS 0x00000000edf00000| PB 0x00000000edf00000| Complete 
| 224|0x00000000ee000000, 0x00000000ee100000, 0x00000000ee100000|100%| E|CS|TAMS 0x00000000ee000000| PB 0x00000000ee000000| Complete 
| 225|0x00000000ee100000, 0x00000000ee200000, 0x00000000ee200000|100%| E|CS|TAMS 0x00000000ee100000| PB 0x00000000ee100000| Complete 
| 226|0x00000000ee200000, 0x00000000ee300000, 0x00000000ee300000|100%| E|CS|TAMS 0x00000000ee200000| PB 0x00000000ee200000| Complete 
| 227|0x00000000ee300000, 0x00000000ee400000, 0x00000000ee400000|100%| E|CS|TAMS 0x00000000ee300000| PB 0x00000000ee300000| Complete 
| 228|0x00000000ee400000, 0x00000000ee500000, 0x00000000ee500000|100%| E|CS|TAMS 0x00000000ee400000| PB 0x00000000ee400000| Complete 
| 229|0x00000000ee500000, 0x00000000ee600000, 0x00000000ee600000|100%| E|CS|TAMS 0x00000000ee500000| PB 0x00000000ee500000| Complete 
| 230|0x00000000ee600000, 0x00000000ee700000, 0x00000000ee700000|100%| E|CS|TAMS 0x00000000ee600000| PB 0x00000000ee600000| Complete 
| 231|0x00000000ee700000, 0x00000000ee800000, 0x00000000ee800000|100%| E|CS|TAMS 0x00000000ee700000| PB 0x00000000ee700000| Complete 
| 232|0x00000000ee800000, 0x00000000ee900000, 0x00000000ee900000|100%| E|CS|TAMS 0x00000000ee800000| PB 0x00000000ee800000| Complete 
| 233|0x00000000ee900000, 0x00000000eea00000, 0x00000000eea00000|100%| E|CS|TAMS 0x00000000ee900000| PB 0x00000000ee900000| Complete 
| 234|0x00000000eea00000, 0x00000000eeb00000, 0x00000000eeb00000|100%| E|CS|TAMS 0x00000000eea00000| PB 0x00000000eea00000| Complete 
| 235|0x00000000eeb00000, 0x00000000eec00000, 0x00000000eec00000|100%| E|CS|TAMS 0x00000000eeb00000| PB 0x00000000eeb00000| Complete 
| 236|0x00000000eec00000, 0x00000000eed00000, 0x00000000eed00000|100%| E|CS|TAMS 0x00000000eec00000| PB 0x00000000eec00000| Complete 
| 237|0x00000000eed00000, 0x00000000eee00000, 0x00000000eee00000|100%| E|CS|TAMS 0x00000000eed00000| PB 0x00000000eed00000| Complete 
| 238|0x00000000eee00000, 0x00000000eef00000, 0x00000000eef00000|100%| E|CS|TAMS 0x00000000eee00000| PB 0x00000000eee00000| Complete 
| 239|0x00000000eef00000, 0x00000000ef000000, 0x00000000ef000000|100%| E|CS|TAMS 0x00000000eef00000| PB 0x00000000eef00000| Complete 
| 240|0x00000000ef000000, 0x00000000ef100000, 0x00000000ef100000|100%| E|CS|TAMS 0x00000000ef000000| PB 0x00000000ef000000| Complete 
| 241|0x00000000ef100000, 0x00000000ef200000, 0x00000000ef200000|100%| E|CS|TAMS 0x00000000ef100000| PB 0x00000000ef100000| Complete 
| 242|0x00000000ef200000, 0x00000000ef300000, 0x00000000ef300000|100%| E|CS|TAMS 0x00000000ef200000| PB 0x00000000ef200000| Complete 
| 243|0x00000000ef300000, 0x00000000ef400000, 0x00000000ef400000|100%| E|CS|TAMS 0x00000000ef300000| PB 0x00000000ef300000| Complete 
| 244|0x00000000ef400000, 0x00000000ef500000, 0x00000000ef500000|100%| E|CS|TAMS 0x00000000ef400000| PB 0x00000000ef400000| Complete 
| 245|0x00000000ef500000, 0x00000000ef600000, 0x00000000ef600000|100%| E|  |TAMS 0x00000000ef500000| PB 0x00000000ef500000| Complete 
| 246|0x00000000ef600000, 0x00000000ef700000, 0x00000000ef700000|100%| E|CS|TAMS 0x00000000ef600000| PB 0x00000000ef600000| Complete 
| 247|0x00000000ef700000, 0x00000000ef800000, 0x00000000ef800000|100%| E|CS|TAMS 0x00000000ef700000| PB 0x00000000ef700000| Complete 
| 248|0x00000000ef800000, 0x00000000ef900000, 0x00000000ef900000|100%| E|CS|TAMS 0x00000000ef800000| PB 0x00000000ef800000| Complete 
| 249|0x00000000ef900000, 0x00000000efa00000, 0x00000000efa00000|100%| E|CS|TAMS 0x00000000ef900000| PB 0x00000000ef900000| Complete 
| 250|0x00000000efa00000, 0x00000000efb00000, 0x00000000efb00000|100%| E|CS|TAMS 0x00000000efa00000| PB 0x00000000efa00000| Complete 
| 251|0x00000000efb00000, 0x00000000efc00000, 0x00000000efc00000|100%| E|CS|TAMS 0x00000000efb00000| PB 0x00000000efb00000| Complete 
| 252|0x00000000efc00000, 0x00000000efd00000, 0x00000000efd00000|100%| E|CS|TAMS 0x00000000efc00000| PB 0x00000000efc00000| Complete 
| 253|0x00000000efd00000, 0x00000000efe00000, 0x00000000efe00000|100%| E|CS|TAMS 0x00000000efd00000| PB 0x00000000efd00000| Complete 
| 254|0x00000000efe00000, 0x00000000eff00000, 0x00000000eff00000|100%| E|CS|TAMS 0x00000000efe00000| PB 0x00000000efe00000| Complete 
| 255|0x00000000eff00000, 0x00000000f0000000, 0x00000000f0000000|100%| E|CS|TAMS 0x00000000eff00000| PB 0x00000000eff00000| Complete 

Card table byte_map: [0x000002cae5f90000,0x000002cae6090000] _byte_map_base: 0x000002cae5890000

Marking Bits: (CMBitMap*) 0x000002caceb3c840
 Bits: [0x000002cae6090000, 0x000002cae6890000)

Polling page: 0x000002cacc960000

Metaspace:

Usage:
  Non-class:     34.83 MB used.
      Class:      5.78 MB used.
       Both:     40.62 MB used.

Virtual space:
  Non-class space:       64.00 MB reserved,      35.56 MB ( 56%) committed,  1 nodes.
      Class space:      320.00 MB reserved,       6.56 MB (  2%) committed,  1 nodes.
             Both:      384.00 MB reserved,      42.12 MB ( 11%) committed. 

Chunk freelists:
   Non-Class:  11.66 MB
       Class:  9.48 MB
        Both:  21.14 MB

MaxMetaspaceSize: 384.00 MB
CompressedClassSpaceSize: 320.00 MB
Initial GC threshold: 21.00 MB
Current GC threshold: 58.69 MB
CDS: on
 - commit_granule_bytes: 65536.
 - commit_granule_words: 8192.
 - virtual_space_node_default_size: 8388608.
 - enlarge_chunks_in_place: 1.
 - use_allocation_guard: 0.


Internal statistics:

num_allocs_failed_limit: 6.
num_arena_births: 2568.
num_arena_deaths: 0.
num_vsnodes_births: 2.
num_vsnodes_deaths: 0.
num_space_committed: 674.
num_space_uncommitted: 0.
num_chunks_returned_to_freelist: 6.
num_chunks_taken_from_freelist: 4509.
num_chunk_merges: 3.
num_chunk_splits: 2883.
num_chunks_enlarged: 1723.
num_inconsistent_stats: 0.

CodeHeap 'non-profiled nmethods': size=120000Kb used=2612Kb max_used=2612Kb free=117387Kb
 bounds [0x000002cadea60000, 0x000002cadecf0000, 0x000002cae5f90000]
CodeHeap 'profiled nmethods': size=120000Kb used=9079Kb max_used=9079Kb free=110921Kb
 bounds [0x000002cad6f90000, 0x000002cad7870000, 0x000002cade4c0000]
CodeHeap 'non-nmethods': size=5760Kb used=2689Kb max_used=2709Kb free=3070Kb
 bounds [0x000002cade4c0000, 0x000002cade770000, 0x000002cadea60000]
 total_blobs=5421 nmethods=4593 adapters=731
 compilation: enabled
              stopped_count=0, restarted_count=0
 full_count=0

Compilation events (20 events):
Event: 60.532 Thread 0x000002cae8e964b0 nmethod 4981 0x000002cad7835a90 code [0x000002cad7835ca0, 0x000002cad7836418]
Event: 60.532 Thread 0x000002cae8e964b0 4982       3       org.gradle.cache.internal.DefaultFileLockManager$DefaultFileLock$$Lambda/0x000002caea121a88::<init> (15 bytes)
Event: 60.533 Thread 0x000002cae8e964b0 nmethod 4982 0x000002cad7836690 code [0x000002cad7836840, 0x000002cad7836a60]
Event: 60.533 Thread 0x000002cae8e964b0 4983  s    3       sun.nio.ch.FileLockImpl::release (78 bytes)
Event: 60.533 Thread 0x000002cae8e964b0 nmethod 4983 0x000002cad7836b10 code [0x000002cad7836d80, 0x000002cad78379b0]
Event: 60.533 Thread 0x000002cae8e964b0 4984       3       sun.security.provider.SHA2::implCompress0 (448 bytes)
Event: 60.534 Thread 0x000002cae8e964b0 nmethod 4984 0x000002cad7837c90 code [0x000002cad7837ee0, 0x000002cad7838ae8]
Event: 60.536 Thread 0x000002cae8e964b0 4985       3       sun.nio.fs.WindowsPath::toWindowsPath (32 bytes)
Event: 60.536 Thread 0x000002cae8e964b0 nmethod 4985 0x000002cad7839210 code [0x000002cad7839400, 0x000002cad78398e8]
Event: 60.537 Thread 0x000002cae8e964b0 4986       3       com.google.common.base.Preconditions::checkArgument (25 bytes)
Event: 60.537 Thread 0x000002cae8e964b0 nmethod 4986 0x000002cad7839a10 code [0x000002cad7839be0, 0x000002cad783a018]
Event: 60.541 Thread 0x000002cae8e964b0 4988       3       jdk.internal.misc.Unsafe::getAndAddLong (27 bytes)
Event: 60.542 Thread 0x000002cae8e964b0 nmethod 4988 0x000002cad783a190 code [0x000002cad783a340, 0x000002cad783a580]
Event: 60.542 Thread 0x000002cae8e964b0 4989       3       org.gradle.groovy.scripts.internal.GroovyScriptClassCompiler$BuildScriptRemapper::remap (83 bytes)
Event: 60.543 Thread 0x000002cae8e964b0 nmethod 4989 0x000002cad783a690 code [0x000002cad783a900, 0x000002cad783b138]
Event: 60.543 Thread 0x000002cae8e964b0 4990   !   3       java.lang.StringLatin1::replace (291 bytes)
Event: 60.545 Thread 0x000002cae8e964b0 nmethod 4990 0x000002cad783b410 code [0x000002cad783b740, 0x000002cad783c928]
Event: 60.547 Thread 0x000002cae8e964b0 4991       3       org.objectweb.asm.MethodVisitor::visitLdcInsn (87 bytes)
Event: 60.548 Thread 0x000002cae8e964b0 nmethod 4991 0x000002cad783d290 code [0x000002cad783d4c0, 0x000002cad783dea8]
Event: 60.548 Thread 0x000002cae8e964b0 4992   !   3       java.lang.String::replace (258 bytes)

GC Heap History (10 events):
Event: 2.094 GC heap before
{Heap before GC invocations=0 (full 0):
 garbage-first heap   total 262144K, used 13312K [0x00000000e0000000, 0x0000000100000000)
  region size 1024K, 13 young (13312K), 0 survivors (0K)
 Metaspace       used 819K, committed 960K, reserved 393216K
  class space    used 67K, committed 128K, reserved 327680K
}
Event: 2.169 GC heap after
{Heap after GC invocations=1 (full 0):
 garbage-first heap   total 262144K, used 1312K [0x00000000e0000000, 0x0000000100000000)
  region size 1024K, 2 young (2048K), 2 survivors (2048K)
 Metaspace       used 819K, committed 960K, reserved 393216K
  class space    used 67K, committed 128K, reserved 327680K
}
Event: 5.396 GC heap before
{Heap before GC invocations=1 (full 0):
 garbage-first heap   total 262144K, used 26912K [0x00000000e0000000, 0x0000000100000000)
  region size 1024K, 24 young (24576K), 2 survivors (2048K)
 Metaspace       used 3578K, committed 3712K, reserved 393216K
  class space    used 447K, committed 512K, reserved 327680K
}
Event: 5.402 GC heap after
{Heap after GC invocations=2 (full 0):
 garbage-first heap   total 262144K, used 11409K [0x00000000e0000000, 0x0000000100000000)
  region size 1024K, 3 young (3072K), 3 survivors (3072K)
 Metaspace       used 3578K, committed 3712K, reserved 393216K
  class space    used 447K, committed 512K, reserved 327680K
}
Event: 28.900 GC heap before
{Heap before GC invocations=2 (full 0):
 garbage-first heap   total 262144K, used 161937K [0x00000000e0000000, 0x0000000100000000)
  region size 1024K, 150 young (153600K), 3 survivors (3072K)
 Metaspace       used 20940K, committed 21504K, reserved 393216K
  class space    used 2996K, committed 3264K, reserved 327680K
}
Event: 28.924 GC heap after
{Heap after GC invocations=3 (full 0):
 garbage-first heap   total 262144K, used 24206K [0x00000000e0000000, 0x0000000100000000)
  region size 1024K, 15 young (15360K), 15 survivors (15360K)
 Metaspace       used 20940K, committed 21504K, reserved 393216K
  class space    used 2996K, committed 3264K, reserved 327680K
}
Event: 42.790 GC heap before
{Heap before GC invocations=4 (full 0):
 garbage-first heap   total 262144K, used 108174K [0x00000000e0000000, 0x0000000100000000)
  region size 1024K, 87 young (89088K), 15 survivors (15360K)
 Metaspace       used 29736K, committed 30912K, reserved 393216K
  class space    used 4474K, committed 5056K, reserved 327680K
}
Event: 42.813 GC heap after
{Heap after GC invocations=5 (full 0):
 garbage-first heap   total 262144K, used 39936K [0x00000000e0000000, 0x0000000100000000)
  region size 1024K, 6 young (6144K), 6 survivors (6144K)
 Metaspace       used 29736K, committed 30912K, reserved 393216K
  class space    used 4474K, committed 5056K, reserved 327680K
}
Event: 48.845 GC heap before
{Heap before GC invocations=5 (full 0):
 garbage-first heap   total 262144K, used 71680K [0x00000000e0000000, 0x0000000100000000)
  region size 1024K, 39 young (39936K), 6 survivors (6144K)
 Metaspace       used 34695K, committed 35968K, reserved 393216K
  class space    used 5145K, committed 5760K, reserved 327680K
}
Event: 48.854 GC heap after
{Heap after GC invocations=6 (full 0):
 garbage-first heap   total 262144K, used 41984K [0x00000000e0000000, 0x0000000100000000)
  region size 1024K, 8 young (8192K), 8 survivors (8192K)
 Metaspace       used 34695K, committed 35968K, reserved 393216K
  class space    used 5145K, committed 5760K, reserved 327680K
}

Dll operation events (15 events):
Event: 0.017 Loaded shared library C:\Program Files\Java\jdk-21\bin\java.dll
Event: 0.070 Loaded shared library C:\Program Files\Java\jdk-21\bin\jsvml.dll
Event: 0.508 Loaded shared library C:\Program Files\Java\jdk-21\bin\zip.dll
Event: 0.628 Loaded shared library C:\Program Files\Java\jdk-21\bin\instrument.dll
Event: 0.714 Loaded shared library C:\Program Files\Java\jdk-21\bin\net.dll
Event: 0.743 Loaded shared library C:\Program Files\Java\jdk-21\bin\nio.dll
Event: 0.765 Loaded shared library C:\Program Files\Java\jdk-21\bin\zip.dll
Event: 2.324 Loaded shared library C:\Program Files\Java\jdk-21\bin\jimage.dll
Event: 3.208 Loaded shared library C:\Program Files\Java\jdk-21\bin\verify.dll
Event: 4.224 Loaded shared library C:\Users\Session\.gradle\native\c067742578af261105cb4f569cf0c3c89f3d7b1fecec35dd04571415982c5e48\windows-amd64\native-platform.dll
Event: 4.304 Loaded shared library C:\Users\Session\.gradle\native\100fb08df4bc3b14c8652ba06237920a3bd2aa13389f12d3474272988ae205f9\windows-amd64\native-platform-file-events.dll
Event: 9.692 Loaded shared library C:\Program Files\Java\jdk-21\bin\management.dll
Event: 9.770 Loaded shared library C:\Program Files\Java\jdk-21\bin\management_ext.dll
Event: 12.198 Loaded shared library C:\Program Files\Java\jdk-21\bin\extnet.dll
Event: 13.945 Loaded shared library C:\Program Files\Java\jdk-21\bin\sunmscapi.dll

Deoptimization events (20 events):
Event: 56.151 Thread 0x000002caff031aa0 Uncommon trap: trap_request=0xffffffc6 fr.pc=0x000002cadeab4cc0 relative=0x0000000000000900
Event: 56.151 Thread 0x000002caff031aa0 Uncommon trap: reason=bimorphic_or_optimized_type_check action=maybe_recompile pc=0x000002cadeab4cc0 method=java.util.regex.Pattern$Start.match(Ljava/util/regex/Matcher;ILjava/lang/CharSequence;)Z @ 44 c2
Event: 56.151 Thread 0x000002caff031aa0 DEOPT PACKING pc=0x000002cadeab4cc0 sp=0x000000e068ef7f30
Event: 56.151 Thread 0x000002caff031aa0 DEOPT UNPACKING pc=0x000002cade5146a2 sp=0x000000e068ef7e08 mode 2
Event: 56.151 Thread 0x000002caff031aa0 Uncommon trap: trap_request=0xffffffc6 fr.pc=0x000002cadeab4cc0 relative=0x0000000000000900
Event: 56.151 Thread 0x000002caff031aa0 Uncommon trap: reason=bimorphic_or_optimized_type_check action=maybe_recompile pc=0x000002cadeab4cc0 method=java.util.regex.Pattern$Start.match(Ljava/util/regex/Matcher;ILjava/lang/CharSequence;)Z @ 44 c2
Event: 56.151 Thread 0x000002caff031aa0 DEOPT PACKING pc=0x000002cadeab4cc0 sp=0x000000e068ef7f30
Event: 56.151 Thread 0x000002caff031aa0 DEOPT UNPACKING pc=0x000002cade5146a2 sp=0x000000e068ef7e08 mode 2
Event: 56.152 Thread 0x000002caff031aa0 Uncommon trap: trap_request=0xffffffc6 fr.pc=0x000002cadeaf35d4 relative=0x0000000000000894
Event: 56.152 Thread 0x000002caff031aa0 Uncommon trap: reason=bimorphic_or_optimized_type_check action=maybe_recompile pc=0x000002cadeaf35d4 method=java.util.regex.Pattern$Start.match(Ljava/util/regex/Matcher;ILjava/lang/CharSequence;)Z @ 44 c2
Event: 56.152 Thread 0x000002caff031aa0 DEOPT PACKING pc=0x000002cadeaf35d4 sp=0x000000e068ef7ec0
Event: 56.152 Thread 0x000002caff031aa0 DEOPT UNPACKING pc=0x000002cade5146a2 sp=0x000000e068ef7e10 mode 2
Event: 56.152 Thread 0x000002caff031aa0 Uncommon trap: trap_request=0xffffffc6 fr.pc=0x000002cadea8023c relative=0x000000000000069c
Event: 56.152 Thread 0x000002caff031aa0 Uncommon trap: reason=bimorphic_or_optimized_type_check action=maybe_recompile pc=0x000002cadea8023c method=java.util.regex.Pattern$Start.match(Ljava/util/regex/Matcher;ILjava/lang/CharSequence;)Z @ 44 c2
Event: 56.152 Thread 0x000002caff031aa0 DEOPT PACKING pc=0x000002cadea8023c sp=0x000000e068ef7e40
Event: 56.152 Thread 0x000002caff031aa0 DEOPT UNPACKING pc=0x000002cade5146a2 sp=0x000000e068ef7e10 mode 2
Event: 58.644 Thread 0x000002caff031aa0 Uncommon trap: trap_request=0xffffff3d fr.pc=0x000002cadeb22b88 relative=0x0000000000000068
Event: 58.644 Thread 0x000002caff031aa0 Uncommon trap: reason=unstable_fused_if action=reinterpret pc=0x000002cadeb22b88 method=java.lang.CharacterDataLatin1.equalsIgnoreCase(BB)Z @ 16 c2
Event: 58.644 Thread 0x000002caff031aa0 DEOPT PACKING pc=0x000002cadeb22b88 sp=0x000000e068ef8e80
Event: 58.644 Thread 0x000002caff031aa0 DEOPT UNPACKING pc=0x000002cade5146a2 sp=0x000000e068ef8e00 mode 2

Classes loaded (20 events):
Event: 55.620 Loading class java/lang/invoke/BoundMethodHandle$Species_LI
Event: 55.620 Loading class java/lang/invoke/BoundMethodHandle$Species_LI done
Event: 56.154 Loading class com/sun/beans/finder/MethodFinder
Event: 56.155 Loading class com/sun/beans/finder/AbstractFinder
Event: 56.155 Loading class com/sun/beans/finder/AbstractFinder done
Event: 56.156 Loading class com/sun/beans/finder/MethodFinder done
Event: 56.156 Loading class com/sun/beans/finder/MethodFinder$1
Event: 56.158 Loading class com/sun/beans/finder/MethodFinder$1 done
Event: 56.158 Loading class com/sun/beans/finder/FinderUtils
Event: 56.158 Loading class com/sun/beans/finder/FinderUtils done
Event: 58.697 Loading class sun/nio/fs/WindowsException
Event: 58.697 Loading class sun/nio/fs/WindowsException done
Event: 59.544 Loading class java/nio/channels/Channels
Event: 59.544 Loading class java/nio/channels/Channels done
Event: 59.544 Loading class sun/nio/ch/Streams
Event: 59.544 Loading class sun/nio/ch/Streams done
Event: 59.544 Loading class sun/nio/ch/ChannelInputStream
Event: 59.544 Loading class sun/nio/ch/ChannelInputStream done
Event: 59.553 Loading class sun/nio/ch/ChannelOutputStream
Event: 59.553 Loading class sun/nio/ch/ChannelOutputStream done

Classes unloaded (0 events):
No events

Classes redefined (0 events):
No events

Internal exceptions (20 events):
Event: 55.917 Thread 0x000002caff031aa0 Exception <a 'java/lang/ClassNotFoundException'{0x00000000ecd13108}: org/gradle/invocation/DefaultGradle_DecoratedCustomizer> (0x00000000ecd13108) 
thrown [s\open\src\hotspot\share\classfile\systemDictionary.cpp, line 312]
Event: 56.148 Thread 0x000002caff031aa0 Exception <a 'java/lang/ClassNotFoundException'{0x00000000ecc476c0}: groovy/lang/Closure$1BeanInfo> (0x00000000ecc476c0) 
thrown [s\open\src\hotspot\share\classfile\systemDictionary.cpp, line 312]
Event: 56.149 Thread 0x000002caff031aa0 Exception <a 'java/lang/ClassNotFoundException'{0x00000000ecc56028}: groovy/lang/ClosureBeanInfo> (0x00000000ecc56028) 
thrown [s\open\src\hotspot\share\classfile\systemDictionary.cpp, line 312]
Event: 56.150 Thread 0x000002caff031aa0 Exception <a 'java/lang/ClassNotFoundException'{0x00000000ecc649f0}: groovy/lang/ClosureCustomizer> (0x00000000ecc649f0) 
thrown [s\open\src\hotspot\share\classfile\systemDictionary.cpp, line 312]
Event: 56.154 Thread 0x000002caff031aa0 Exception <a 'java/lang/ClassNotFoundException'{0x00000000ecc96b78}: groovy/lang/Closure$1Customizer> (0x00000000ecc96b78) 
thrown [s\open\src\hotspot\share\classfile\systemDictionary.cpp, line 312]
Event: 56.342 Thread 0x000002caff031aa0 Exception <a 'java/lang/ClassNotFoundException'{0x00000000ecb317d0}: org/gradle/invocation/DefaultGradle$DefaultGradleLifecycle_DecoratedBeanInfo> (0x00000000ecb317d0) 
thrown [s\open\src\hotspot\share\classfile\systemDictionary.cpp, line 312]
Event: 56.346 Thread 0x000002caff031aa0 Exception <a 'java/lang/ClassNotFoundException'{0x00000000ecb40aa8}: org/gradle/invocation/DefaultGradle$DefaultGradleLifecycleBeanInfo> (0x00000000ecb40aa8) 
thrown [s\open\src\hotspot\share\classfile\systemDictionary.cpp, line 312]
Event: 56.348 Thread 0x000002caff031aa0 Exception <a 'java/lang/ClassNotFoundException'{0x00000000ecb4fd70}: org/gradle/invocation/DefaultGradle$DefaultGradleLifecycleCustomizer> (0x00000000ecb4fd70) 
thrown [s\open\src\hotspot\share\classfile\systemDictionary.cpp, line 312]
Event: 56.350 Thread 0x000002caff031aa0 Exception <a 'java/lang/ClassNotFoundException'{0x00000000ecb636e0}: org/gradle/invocation/DefaultGradle$DefaultGradleLifecycle_DecoratedCustomizer> (0x00000000ecb636e0) 
thrown [s\open\src\hotspot\share\classfile\systemDictionary.cpp, line 312]
Event: 58.693 Thread 0x000002cafef2aad0 Exception <a 'java/lang/NoSuchMethodError'{0x00000000ec901890}: 'void java.lang.invoke.DirectMethodHandle$Holder.invokeInterface(java.lang.Object, java.lang.Object, java.lang.Object, java.lang.Object)'> (0x00000000ec901890) 
thrown [s\open\src\hotspot\share\interpreter\linkResolver.cpp, line 773]
Event: 58.697 Thread 0x000002cafef2aad0 Exception <a 'sun/nio/fs/WindowsException'{0x00000000ec90be38}> (0x00000000ec90be38) 
thrown [s\open\src\hotspot\share\prims\jni.cpp, line 520]
Event: 58.697 Thread 0x000002cafef2aad0 Exception <a 'sun/nio/fs/WindowsException'{0x00000000ec90c5b8}> (0x00000000ec90c5b8) 
thrown [s\open\src\hotspot\share\prims\jni.cpp, line 520]
Event: 59.542 Thread 0x000002cafef27650 Exception <a 'sun/nio/fs/WindowsException'{0x00000000ec81f8e0}> (0x00000000ec81f8e0) 
thrown [s\open\src\hotspot\share\prims\jni.cpp, line 520]
Event: 59.542 Thread 0x000002cafef27650 Exception <a 'sun/nio/fs/WindowsException'{0x00000000ec81ffd8}> (0x00000000ec81ffd8) 
thrown [s\open\src\hotspot\share\prims\jni.cpp, line 520]
Event: 59.552 Thread 0x000002cafef27650 Exception <a 'sun/nio/fs/WindowsException'{0x00000000ec88d7d8}> (0x00000000ec88d7d8) 
thrown [s\open\src\hotspot\share\prims\jni.cpp, line 520]
Event: 59.556 Thread 0x000002cafef27650 Exception <a 'sun/nio/fs/WindowsException'{0x00000000ec89ba50}> (0x00000000ec89ba50) 
thrown [s\open\src\hotspot\share\prims\jni.cpp, line 520]
Event: 59.633 Thread 0x000002caff031aa0 Exception <a 'java/lang/ClassNotFoundException'{0x00000000ec8ca8a8}: ijMapper4_5hbisgpaxxgg4ctnphlgmy8uBeanInfo> (0x00000000ec8ca8a8) 
thrown [s\open\src\hotspot\share\classfile\systemDictionary.cpp, line 312]
Event: 59.633 Thread 0x000002caff031aa0 Exception <a 'java/lang/ClassNotFoundException'{0x00000000ec8d1238}: ijMapper4_5hbisgpaxxgg4ctnphlgmy8uCustomizer> (0x00000000ec8d1238) 
thrown [s\open\src\hotspot\share\classfile\systemDictionary.cpp, line 312]
Event: 60.536 Thread 0x000002cafef27ce0 Exception <a 'sun/nio/fs/WindowsException'{0x00000000ec7bf9b0}> (0x00000000ec7bf9b0) 
thrown [s\open\src\hotspot\share\prims\jni.cpp, line 520]
Event: 60.537 Thread 0x000002cafef27ce0 Exception <a 'sun/nio/fs/WindowsException'{0x00000000ec7c00a8}> (0x00000000ec7c00a8) 
thrown [s\open\src\hotspot\share\prims\jni.cpp, line 520]

ZGC Phase Switch (0 events):
No events

VM Operations (20 events):
Event: 51.727 Executing VM operation: Cleanup
Event: 51.929 Executing VM operation: Cleanup done
Event: 52.940 Executing VM operation: Cleanup
Event: 52.940 Executing VM operation: Cleanup done
Event: 54.954 Executing VM operation: Cleanup
Event: 54.954 Executing VM operation: Cleanup done
Event: 55.955 Executing VM operation: Cleanup
Event: 55.973 Executing VM operation: Cleanup done
Event: 56.973 Executing VM operation: Cleanup
Event: 56.973 Executing VM operation: Cleanup done
Event: 57.988 Executing VM operation: Cleanup
Event: 57.988 Executing VM operation: Cleanup done
Event: 59.003 Executing VM operation: Cleanup
Event: 59.003 Executing VM operation: Cleanup done
Event: 60.014 Executing VM operation: Cleanup
Event: 60.014 Executing VM operation: Cleanup done
Event: 60.039 Executing VM operation: HandshakeAllThreads (HandshakeForDeflation)
Event: 60.039 Executing VM operation: HandshakeAllThreads (HandshakeForDeflation) done
Event: 60.039 Executing VM operation: RendezvousGCThreads
Event: 60.039 Executing VM operation: RendezvousGCThreads done

Events (20 events):
Event: 48.918 Thread 0x000002cae8e6d1d0 flushing nmethod 0x000002cadea9be90
Event: 48.918 Thread 0x000002cae8e6d1d0 flushing nmethod 0x000002cadea87690
Event: 48.918 Thread 0x000002cae8e6d1d0 flushing nmethod 0x000002cadea9ac90
Event: 48.918 Thread 0x000002cae8e6d1d0 flushing nmethod 0x000002cadea86210
Event: 48.918 Thread 0x000002cae8e6d1d0 flushing nmethod 0x000002cadea8f790
Event: 48.918 Thread 0x000002cae8e6d1d0 flushing nmethod 0x000002cadea94090
Event: 48.918 Thread 0x000002cae8e6d1d0 flushing nmethod 0x000002cadea80d10
Event: 48.918 Thread 0x000002cae8e6d1d0 flushing nmethod 0x000002cadea80490
Event: 48.918 Thread 0x000002cae8e6d1d0 flushing nmethod 0x000002cadea7ef10
Event: 48.918 Thread 0x000002cae8e6d1d0 flushing nmethod 0x000002cadea7e710
Event: 48.918 Thread 0x000002cae8e6d1d0 flushing nmethod 0x000002cadea8d190
Event: 48.918 Thread 0x000002cae8e6d1d0 flushing nmethod 0x000002cadea7d090
Event: 48.918 Thread 0x000002cae8e6d1d0 flushing nmethod 0x000002cadea83c90
Event: 48.918 Thread 0x000002cae8e6d1d0 flushing nmethod 0x000002cadea8b110
Event: 48.918 Thread 0x000002cae8e6d1d0 flushing nmethod 0x000002cadea8a510
Event: 48.918 Thread 0x000002cae8e6d1d0 flushing nmethod 0x000002cadea7a210
Event: 48.918 Thread 0x000002cae8e6d1d0 flushing nmethod 0x000002cadea6da90
Event: 48.918 Thread 0x000002cae8e6d1d0 flushing nmethod 0x000002cadea6d090
Event: 50.968 Thread 0x000002ca84d3d470 Thread added: 0x000002ca84d3d470
Event: 52.881 Thread 0x000002ca84d3d470 Thread exited: 0x000002ca84d3d470


Dynamic libraries:
0x00007ff640200000 - 0x00007ff640210000 	C:\Program Files\Java\jdk-21\bin\java.exe
0x00007ffd55750000 - 0x00007ffd55948000 	C:\Windows\SYSTEM32\ntdll.dll
0x00007ffd54e60000 - 0x00007ffd54f22000 	C:\Windows\System32\KERNEL32.DLL
0x00007ffd53050000 - 0x00007ffd5334e000 	C:\Windows\System32\KERNELBASE.dll
0x00007ffd53670000 - 0x00007ffd53770000 	C:\Windows\System32\ucrtbase.dll
0x00007ffd30ef0000 - 0x00007ffd30f09000 	C:\Program Files\Java\jdk-21\bin\jli.dll
0x00007ffd546d0000 - 0x00007ffd54782000 	C:\Windows\System32\ADVAPI32.dll
0x00007ffd549f0000 - 0x00007ffd54a8e000 	C:\Windows\System32\msvcrt.dll
0x00007ffd54190000 - 0x00007ffd54230000 	C:\Windows\System32\sechost.dll
0x00007ffd53aa0000 - 0x00007ffd53bc3000 	C:\Windows\System32\RPCRT4.dll
0x00007ffd52df0000 - 0x00007ffd52e17000 	C:\Windows\System32\bcrypt.dll
0x00007ffd547a0000 - 0x00007ffd5493d000 	C:\Windows\System32\USER32.dll
0x00007ffd52eb0000 - 0x00007ffd52ed2000 	C:\Windows\System32\win32u.dll
0x00007ffd53a70000 - 0x00007ffd53a9b000 	C:\Windows\System32\GDI32.dll
0x00007ffd534b0000 - 0x00007ffd535c7000 	C:\Windows\System32\gdi32full.dll
0x00007ffd535d0000 - 0x00007ffd5366d000 	C:\Windows\System32\msvcp_win.dll
0x00007ffd30ed0000 - 0x00007ffd30eeb000 	C:\Program Files\Java\jdk-21\bin\VCRUNTIME140.dll
0x00007ffd37fa0000 - 0x00007ffd3823a000 	C:\Windows\WinSxS\amd64_microsoft.windows.common-controls_6595b64144ccf1df_6.0.19041.4355_none_60b8b9eb71f62e16\COMCTL32.dll
0x00007ffd48fb0000 - 0x00007ffd48fba000 	C:\Windows\SYSTEM32\VERSION.dll
0x00007ffd54230000 - 0x00007ffd5425f000 	C:\Windows\System32\IMM32.DLL
0x00007ffd4bc40000 - 0x00007ffd4bc4c000 	C:\Program Files\Java\jdk-21\bin\vcruntime140_1.dll
0x00007ffd30cf0000 - 0x00007ffd30d7e000 	C:\Program Files\Java\jdk-21\bin\msvcp140.dll
0x00007ffcd30f0000 - 0x00007ffcd3dfd000 	C:\Program Files\Java\jdk-21\bin\server\jvm.dll
0x00007ffd54120000 - 0x00007ffd5418b000 	C:\Windows\System32\WS2_32.dll
0x00007ffd52340000 - 0x00007ffd5238b000 	C:\Windows\SYSTEM32\POWRPROF.dll
0x00007ffd42fa0000 - 0x00007ffd42fc7000 	C:\Windows\SYSTEM32\WINMM.dll
0x00007ffd521b0000 - 0x00007ffd521c2000 	C:\Windows\SYSTEM32\UMPDC.dll
0x00007ffd50c30000 - 0x00007ffd50c42000 	C:\Windows\SYSTEM32\kernel.appcore.dll
0x00007ffd3ef50000 - 0x00007ffd3ef5a000 	C:\Program Files\Java\jdk-21\bin\jimage.dll
0x00007ffd4adc0000 - 0x00007ffd4afa4000 	C:\Windows\SYSTEM32\DBGHELP.DLL
0x00007ffd4ad80000 - 0x00007ffd4adb4000 	C:\Windows\SYSTEM32\dbgcore.DLL
0x00007ffd52e20000 - 0x00007ffd52ea2000 	C:\Windows\System32\bcryptPrimitives.dll
0x00007ffd30e90000 - 0x00007ffd30e9f000 	C:\Program Files\Java\jdk-21\bin\instrument.dll
0x00007ffd30eb0000 - 0x00007ffd30ecf000 	C:\Program Files\Java\jdk-21\bin\java.dll
0x00007ffd54f40000 - 0x00007ffd556af000 	C:\Windows\System32\SHELL32.dll
0x00007ffd50e30000 - 0x00007ffd515d4000 	C:\Windows\SYSTEM32\windows.storage.dll
0x00007ffd54b00000 - 0x00007ffd54e53000 	C:\Windows\System32\combase.dll
0x00007ffd52740000 - 0x00007ffd5276e000 	C:\Windows\SYSTEM32\Wldp.dll
0x00007ffd53770000 - 0x00007ffd5383d000 	C:\Windows\System32\OLEAUT32.dll
0x00007ffd54940000 - 0x00007ffd549ed000 	C:\Windows\System32\SHCORE.dll
0x00007ffd54a90000 - 0x00007ffd54ae5000 	C:\Windows\System32\shlwapi.dll
0x00007ffd52d20000 - 0x00007ffd52d44000 	C:\Windows\SYSTEM32\profapi.dll
0x00007ffd1a590000 - 0x00007ffd1a667000 	C:\Program Files\Java\jdk-21\bin\jsvml.dll
0x00007ffd30e70000 - 0x00007ffd30e88000 	C:\Program Files\Java\jdk-21\bin\zip.dll
0x00007ffd30ea0000 - 0x00007ffd30eb0000 	C:\Program Files\Java\jdk-21\bin\net.dll
0x00007ffd4cfb0000 - 0x00007ffd4d0bd000 	C:\Windows\SYSTEM32\WINHTTP.dll
0x00007ffd52520000 - 0x00007ffd5258a000 	C:\Windows\system32\mswsock.dll
0x00007ffd30cd0000 - 0x00007ffd30ce6000 	C:\Program Files\Java\jdk-21\bin\nio.dll
0x00007ffd2eed0000 - 0x00007ffd2eee0000 	C:\Program Files\Java\jdk-21\bin\verify.dll
0x00007ffd19280000 - 0x00007ffd192a7000 	C:\Users\Session\.gradle\native\c067742578af261105cb4f569cf0c3c89f3d7b1fecec35dd04571415982c5e48\windows-amd64\native-platform.dll
0x00007ffcd56c0000 - 0x00007ffcd5804000 	C:\Users\Session\.gradle\native\100fb08df4bc3b14c8652ba06237920a3bd2aa13389f12d3474272988ae205f9\windows-amd64\native-platform-file-events.dll
0x00007ffd1a580000 - 0x00007ffd1a58a000 	C:\Program Files\Java\jdk-21\bin\management.dll
0x00007ffd1a470000 - 0x00007ffd1a47b000 	C:\Program Files\Java\jdk-21\bin\management_ext.dll
0x00007ffd54f30000 - 0x00007ffd54f38000 	C:\Windows\System32\PSAPI.DLL
0x00007ffd527f0000 - 0x00007ffd52808000 	C:\Windows\SYSTEM32\CRYPTSP.dll
0x00007ffd51df0000 - 0x00007ffd51e24000 	C:\Windows\system32\rsaenh.dll
0x00007ffd52ce0000 - 0x00007ffd52d0e000 	C:\Windows\SYSTEM32\USERENV.dll
0x00007ffd526b0000 - 0x00007ffd526bc000 	C:\Windows\SYSTEM32\CRYPTBASE.dll
0x00007ffd521d0000 - 0x00007ffd5220b000 	C:\Windows\SYSTEM32\IPHLPAPI.DLL
0x00007ffd54af0000 - 0x00007ffd54af8000 	C:\Windows\System32\NSI.dll
0x00007ffd1a3b0000 - 0x00007ffd1a3b9000 	C:\Program Files\Java\jdk-21\bin\extnet.dll
0x00007ffd19250000 - 0x00007ffd1925e000 	C:\Program Files\Java\jdk-21\bin\sunmscapi.dll
0x00007ffd53350000 - 0x00007ffd534ac000 	C:\Windows\System32\CRYPT32.dll
0x00007ffd527c0000 - 0x00007ffd527e7000 	C:\Windows\SYSTEM32\ncrypt.dll
0x00007ffd52780000 - 0x00007ffd527bb000 	C:\Windows\SYSTEM32\NTASN1.dll
0x00007ffd30770000 - 0x00007ffd30777000 	C:\Windows\system32\wshunix.dll

dbghelp: loaded successfully - version: 4.0.5 - missing functions: none
symbol engine: initialized successfully - sym options: 0x614 - pdb path: .;C:\Program Files\Java\jdk-21\bin;C:\Windows\SYSTEM32;C:\Windows\WinSxS\amd64_microsoft.windows.common-controls_6595b64144ccf1df_6.0.19041.4355_none_60b8b9eb71f62e16;C:\Program Files\Java\jdk-21\bin\server;C:\Users\Session\.gradle\native\c067742578af261105cb4f569cf0c3c89f3d7b1fecec35dd04571415982c5e48\windows-amd64;C:\Users\Session\.gradle\native\100fb08df4bc3b14c8652ba06237920a3bd2aa13389f12d3474272988ae205f9\windows-amd64

VM Arguments:
jvm_args: --add-opens=java.base/java.util=ALL-UNNAMED --add-opens=java.base/java.lang=ALL-UNNAMED --add-opens=java.base/java.lang.invoke=ALL-UNNAMED --add-opens=java.prefs/java.util.prefs=ALL-UNNAMED --add-exports=jdk.compiler/com.sun.tools.javac.api=ALL-UNNAMED --add-exports=jdk.compiler/com.sun.tools.javac.util=ALL-UNNAMED --add-opens=java.base/java.nio.charset=ALL-UNNAMED --add-opens=java.base/java.net=ALL-UNNAMED --add-opens=java.base/java.util.concurrent.atomic=ALL-UNNAMED -XX:MaxMetaspaceSize=384m -XX:+HeapDumpOnOutOfMemoryError -Xms256m -Xmx512m -Dfile.encoding=UTF-8 -Duser.country=US -Duser.language=en -Duser.variant -javaagent:C:\Users\Session\.gradle\wrapper\dists\gradle-8.10.2-bin\a04bxjujx95o3nb99gddekhwo\gradle-8.10.2\lib\agents\gradle-instrumentation-agent-8.10.2.jar 
java_command: org.gradle.launcher.daemon.bootstrap.GradleDaemon 8.10.2
java_class_path (initial): C:\Users\Session\.gradle\wrapper\dists\gradle-8.10.2-bin\a04bxjujx95o3nb99gddekhwo\gradle-8.10.2\lib\gradle-daemon-main-8.10.2.jar
Launcher Type: SUN_STANDARD

[Global flags]
     intx CICompilerCount                          = 3                                         {product} {ergonomic}
   size_t CompressedClassSpaceSize                 = 335544320                                 {product} {ergonomic}
     uint ConcGCThreads                            = 1                                         {product} {ergonomic}
     uint G1ConcRefinementThreads                  = 4                                         {product} {ergonomic}
   size_t G1HeapRegionSize                         = 1048576                                   {product} {ergonomic}
    uintx GCDrainStackTargetSize                   = 64                                        {product} {ergonomic}
     bool HeapDumpOnOutOfMemoryError               = true                                   {manageable} {command line}
   size_t InitialHeapSize                          = 268435456                                 {product} {command line}
   size_t MarkStackSize                            = 4194304                                   {product} {ergonomic}
   size_t MaxHeapSize                              = 536870912                                 {product} {command line}
   size_t MaxMetaspaceSize                         = 402653184                                 {product} {command line}
   size_t MaxNewSize                               = 321912832                                 {product} {ergonomic}
   size_t MinHeapDeltaBytes                        = 1048576                                   {product} {ergonomic}
   size_t MinHeapSize                              = 268435456                                 {product} {command line}
    uintx NonNMethodCodeHeapSize                   = 5832780                                {pd product} {ergonomic}
    uintx NonProfiledCodeHeapSize                  = 122912730                              {pd product} {ergonomic}
    uintx ProfiledCodeHeapSize                     = 122912730                              {pd product} {ergonomic}
    uintx ReservedCodeCacheSize                    = 251658240                              {pd product} {ergonomic}
     bool SegmentedCodeCache                       = true                                      {product} {ergonomic}
   size_t SoftMaxHeapSize                          = 536870912                              {manageable} {ergonomic}
     bool UseCompressedOops                        = true                           {product lp64_product} {ergonomic}
     bool UseG1GC                                  = true                                      {product} {ergonomic}
     bool UseLargePagesIndividualAllocation        = false                                  {pd product} {ergonomic}

Logging:
Log output configuration:
 #0: stdout all=warning uptime,level,tags foldmultilines=false
 #1: stderr all=off uptime,level,tags foldmultilines=false

Environment Variables:
JAVA_HOME=C:\Program Files\Java\jdk-21
PATH=C:\Program Files\Common Files\Oracle\Java\javapath;C:\Windows\system32;C:\Windows;C:\Windows\System32\Wbem;C:\Windows\System32\WindowsPowerShell\v1.0\;C:\Windows\System32\OpenSSH\;C:\Program Files\Git\cmd;C:\Program Files\Graphviz\bin;C:\Users\Session\.conda;C:\Program Files\nodejs\;C:\Users\Session\AppData\Local\Programs\Python\Python312\Scripts\;C:\Users\Session\AppData\Local\Programs\Python\Python312\;C:\Users\Session\AppData\Local\Programs\Python\Launcher\;C:\Users\Session\AppData\Local\Microsoft\WindowsApps;C:\Program Files\Java\jdk-21\bin;C:\Users\Session\AppData\Roaming\npm;C:\Users\Session\AppData\Local\Programs\Microsoft VS Code\bin
USERNAME=Session
OS=Windows_NT
PROCESSOR_IDENTIFIER=Intel64 Family 6 Model 60 Stepping 3, GenuineIntel
TMP=C:\Users\Session\AppData\Local\Temp
TEMP=C:\Users\Session\AppData\Local\Temp




Periodic native trim disabled

---------------  S Y S T E M  ---------------

OS:
 Windows 10 , 64 bit Build 19041 (10.0.19041.4957)
OS uptime: 0 days 0:18 hours
Hyper-V role detected

CPU: total 4 (initial active 4) (2 cores per cpu, 2 threads per core) family 6 model 60 stepping 3 microcode 0x27, cx8, cmov, fxsr, ht, mmx, sse, sse2, sse3, ssse3, sse4.1, sse4.2, popcnt, lzcnt, tsc, tscinvbit, avx, avx2, aes, erms, clmul, bmi1, bmi2, fma, vzeroupper, clflush, hv, rdtscp, f16c
Processor Information for all 4 processors :
  Max Mhz: 2594, Current Mhz: 2594, Mhz Limit: 2594

Memory: 4k page, system-wide physical 8089M (665M free)
TotalPageFile size 12697M (AvailPageFile size 4843M)
current process WorkingSet (physical memory assigned to process): 356M, peak: 356M
current process commit charge ("private bytes"): 454M, peak: 454M

vm_info: Java HotSpot(TM) 64-Bit Server VM (21.0.3+7-LTS-152) for windows-amd64 JRE (21.0.3+7-LTS-152), built on 2024-03-11T17:42:26Z by "mach5one" with MS VC++ 17.6 (VS2022)

END.
